2017-12-25 00:03:53,809 - Resolving eureka endpoints via configuration
2017-12-25 00:08:53,815 - Resolving eureka endpoints via configuration
2017-12-25 00:13:53,817 - Resolving eureka endpoints via configuration
2017-12-25 00:18:53,819 - Resolving eureka endpoints via configuration
2017-12-25 00:23:53,823 - Resolving eureka endpoints via configuration
2017-12-25 00:28:53,825 - Resolving eureka endpoints via configuration
2017-12-25 00:33:53,827 - Resolving eureka endpoints via configuration
2017-12-25 00:38:53,829 - Resolving eureka endpoints via configuration
2017-12-25 00:43:53,831 - Resolving eureka endpoints via configuration
2017-12-25 00:48:53,834 - Resolving eureka endpoints via configuration
2017-12-25 00:53:53,838 - Resolving eureka endpoints via configuration
2017-12-25 00:58:53,841 - Resolving eureka endpoints via configuration
2017-12-25 01:03:53,843 - Resolving eureka endpoints via configuration
2017-12-25 01:08:53,845 - Resolving eureka endpoints via configuration
2017-12-25 01:13:53,847 - Resolving eureka endpoints via configuration
2017-12-25 01:18:53,850 - Resolving eureka endpoints via configuration
2017-12-25 01:23:53,852 - Resolving eureka endpoints via configuration
2017-12-25 01:28:53,855 - Resolving eureka endpoints via configuration
2017-12-25 01:33:53,857 - Resolving eureka endpoints via configuration
2017-12-25 01:38:53,859 - Resolving eureka endpoints via configuration
2017-12-25 01:43:53,861 - Resolving eureka endpoints via configuration
2017-12-25 01:48:53,864 - Resolving eureka endpoints via configuration
2017-12-25 01:53:53,866 - Resolving eureka endpoints via configuration
2017-12-25 01:58:53,869 - Resolving eureka endpoints via configuration
2017-12-25 02:03:53,871 - Resolving eureka endpoints via configuration
2017-12-25 02:08:53,873 - Resolving eureka endpoints via configuration
2017-12-25 02:13:53,875 - Resolving eureka endpoints via configuration
2017-12-25 02:18:53,877 - Resolving eureka endpoints via configuration
2017-12-25 02:23:53,881 - Resolving eureka endpoints via configuration
2017-12-25 02:28:53,883 - Resolving eureka endpoints via configuration
2017-12-25 02:33:53,885 - Resolving eureka endpoints via configuration
2017-12-25 02:38:53,887 - Resolving eureka endpoints via configuration
2017-12-25 02:43:53,889 - Resolving eureka endpoints via configuration
2017-12-25 02:48:53,891 - Resolving eureka endpoints via configuration
2017-12-25 02:53:53,894 - Resolving eureka endpoints via configuration
2017-12-25 02:58:53,895 - Resolving eureka endpoints via configuration
2017-12-25 03:03:53,897 - Resolving eureka endpoints via configuration
2017-12-25 03:08:53,899 - Resolving eureka endpoints via configuration
2017-12-25 03:13:53,903 - Resolving eureka endpoints via configuration
2017-12-25 03:18:53,906 - Resolving eureka endpoints via configuration
2017-12-25 03:23:53,909 - Resolving eureka endpoints via configuration
2017-12-25 03:28:53,911 - Resolving eureka endpoints via configuration
2017-12-25 03:33:53,915 - Resolving eureka endpoints via configuration
2017-12-25 03:38:53,917 - Resolving eureka endpoints via configuration
2017-12-25 03:43:53,921 - Resolving eureka endpoints via configuration
2017-12-25 03:48:53,922 - Resolving eureka endpoints via configuration
2017-12-25 03:53:53,925 - Resolving eureka endpoints via configuration
2017-12-25 03:58:53,927 - Resolving eureka endpoints via configuration
2017-12-25 04:03:53,929 - Resolving eureka endpoints via configuration
2017-12-25 04:08:53,930 - Resolving eureka endpoints via configuration
2017-12-25 04:13:53,933 - Resolving eureka endpoints via configuration
2017-12-25 04:18:53,936 - Resolving eureka endpoints via configuration
2017-12-25 04:23:53,939 - Resolving eureka endpoints via configuration
2017-12-25 04:28:53,940 - Resolving eureka endpoints via configuration
2017-12-25 04:33:53,942 - Resolving eureka endpoints via configuration
2017-12-25 04:38:53,944 - Resolving eureka endpoints via configuration
2017-12-25 04:43:53,948 - Resolving eureka endpoints via configuration
2017-12-25 04:48:53,950 - Resolving eureka endpoints via configuration
2017-12-25 04:53:53,953 - Resolving eureka endpoints via configuration
2017-12-25 04:58:53,955 - Resolving eureka endpoints via configuration
2017-12-25 05:03:53,957 - Resolving eureka endpoints via configuration
2017-12-25 05:08:53,958 - Resolving eureka endpoints via configuration
2017-12-25 05:13:53,961 - Resolving eureka endpoints via configuration
2017-12-25 05:18:53,964 - Resolving eureka endpoints via configuration
2017-12-25 05:23:53,966 - Resolving eureka endpoints via configuration
2017-12-25 05:28:53,968 - Resolving eureka endpoints via configuration
2017-12-25 05:33:53,970 - Resolving eureka endpoints via configuration
2017-12-25 05:38:53,973 - Resolving eureka endpoints via configuration
2017-12-25 05:43:53,976 - Resolving eureka endpoints via configuration
2017-12-25 05:48:53,979 - Resolving eureka endpoints via configuration
2017-12-25 05:53:53,981 - Resolving eureka endpoints via configuration
2017-12-25 05:58:53,983 - Resolving eureka endpoints via configuration
2017-12-25 06:03:53,986 - Resolving eureka endpoints via configuration
2017-12-25 06:08:53,987 - Resolving eureka endpoints via configuration
2017-12-25 06:13:53,989 - Resolving eureka endpoints via configuration
2017-12-25 06:18:53,991 - Resolving eureka endpoints via configuration
2017-12-25 06:23:53,994 - Resolving eureka endpoints via configuration
2017-12-25 06:28:53,997 - Resolving eureka endpoints via configuration
2017-12-25 06:33:53,999 - Resolving eureka endpoints via configuration
2017-12-25 06:38:54,001 - Resolving eureka endpoints via configuration
2017-12-25 06:43:54,002 - Resolving eureka endpoints via configuration
2017-12-25 06:48:54,006 - Resolving eureka endpoints via configuration
2017-12-25 06:53:54,007 - Resolving eureka endpoints via configuration
2017-12-25 06:58:54,009 - Resolving eureka endpoints via configuration
2017-12-25 07:03:54,011 - Resolving eureka endpoints via configuration
2017-12-25 07:08:54,014 - Resolving eureka endpoints via configuration
2017-12-25 07:13:54,016 - Resolving eureka endpoints via configuration
2017-12-25 07:18:54,019 - Resolving eureka endpoints via configuration
2017-12-25 07:23:54,021 - Resolving eureka endpoints via configuration
2017-12-25 07:28:54,023 - Resolving eureka endpoints via configuration
2017-12-25 07:33:54,026 - Resolving eureka endpoints via configuration
2017-12-25 07:38:54,028 - Resolving eureka endpoints via configuration
2017-12-25 07:43:54,029 - Resolving eureka endpoints via configuration
2017-12-25 07:48:54,032 - Resolving eureka endpoints via configuration
2017-12-25 07:53:54,034 - Resolving eureka endpoints via configuration
2017-12-25 07:58:54,036 - Resolving eureka endpoints via configuration
2017-12-25 08:03:54,039 - Resolving eureka endpoints via configuration
2017-12-25 08:08:54,040 - Resolving eureka endpoints via configuration
2017-12-25 08:13:54,042 - Resolving eureka endpoints via configuration
2017-12-25 08:18:54,045 - Resolving eureka endpoints via configuration
2017-12-25 08:23:54,047 - Resolving eureka endpoints via configuration
2017-12-25 08:28:54,050 - Resolving eureka endpoints via configuration
2017-12-25 08:33:54,052 - Resolving eureka endpoints via configuration
2017-12-25 08:38:54,054 - Resolving eureka endpoints via configuration
2017-12-25 08:43:54,056 - Resolving eureka endpoints via configuration
2017-12-25 08:48:54,058 - Resolving eureka endpoints via configuration
2017-12-25 08:53:54,059 - Resolving eureka endpoints via configuration
2017-12-25 08:58:54,061 - Resolving eureka endpoints via configuration
2017-12-25 09:03:54,064 - Resolving eureka endpoints via configuration
2017-12-25 09:08:54,065 - Resolving eureka endpoints via configuration
2017-12-25 09:13:54,067 - Resolving eureka endpoints via configuration
2017-12-25 09:15:36,825 - Initializing Spring FrameworkServlet 'dispatcherServlet'
2017-12-25 09:18:54,070 - Resolving eureka endpoints via configuration
2017-12-25 09:21:57,657 - Refreshing org.springframework.context.annotation.AnnotationConfigApplicationContext@69e5bd7c: startup date [Mon Dec 25 09:21:57 CST 2017]; root of context hierarchy
2017-12-25 09:21:57,889 - JSR-330 'javax.inject.Inject' annotation found and supported for autowiring
2017-12-25 09:21:57,953 - Bean 'configurationPropertiesRebinderAutoConfiguration' of type [org.springframework.cloud.autoconfigure.ConfigurationPropertiesRebinderAutoConfiguration$$EnhancerBySpringCGLIB$$40fa92a0] is not eligible for getting processed by all BeanPostProcessors (for example: not eligible for auto-proxying)
2017-12-25 09:21:58,242 - Setting initial instance status as: STARTING
2017-12-25 09:21:58,312 - Initializing Eureka in region us-east-1
2017-12-25 09:21:58,547 - Using JSON encoding codec LegacyJacksonJson
2017-12-25 09:21:58,548 - Using JSON decoding codec LegacyJacksonJson
2017-12-25 09:21:58,635 - Using XML encoding codec XStreamXml
2017-12-25 09:21:58,636 - Using XML decoding codec XStreamXml
2017-12-25 09:21:58,785 - Resolving eureka endpoints via configuration
2017-12-25 09:21:58,831 - Disable delta property : false
2017-12-25 09:21:58,832 - Single vip registry refresh property : null
2017-12-25 09:21:58,832 - Force full registry fetch : false
2017-12-25 09:21:58,832 - Application is null : false
2017-12-25 09:21:58,832 - Registered Applications size is zero : true
2017-12-25 09:21:58,832 - Application version is -1: true
2017-12-25 09:21:58,833 - Getting all instance registry info from the eureka server
2017-12-25 09:21:58,950 - The response status is 200
2017-12-25 09:21:58,951 - Not registering with Eureka server per configuration
2017-12-25 09:21:58,953 - Discovery Client initialized at timestamp 1514164918953 with initial instances count: 7
2017-12-25 09:21:59,210 - Fetching config from server at: http://DESKTOP-KED4AR2:8760/
2017-12-25 09:22:00,877 - Located environment: name=service-api-zb-impl, profiles=[dev], label=null, version=bd3ff84cda1242bb2b3ed53155ad6e4d0aa20dd5, state=null
2017-12-25 09:22:00,878 - Located property source: CompositePropertySource [name='configService', propertySources=[MapPropertySource {name='configClient'}, MapPropertySource {name='http://118.193.190.240/qvodgitadmin/zb_api_server.git/parent/config-service/zb/service-api-zb-impl-dev.yml'}]]
2017-12-25 09:22:02,265 - Multiple Spring Data modules found, entering strict repository configuration mode!
2017-12-25 09:22:02,311 - Spring Data JPA - Could not safely identify store assignment for repository candidate interface com.eason.api.zb.dao.RoomCronDao.
2017-12-25 09:22:02,311 - Spring Data JPA - Could not safely identify store assignment for repository candidate interface com.eason.api.zb.dao.RoomConfDao.
2017-12-25 09:22:02,314 - Spring Data JPA - Could not safely identify store assignment for repository candidate interface com.eason.api.zb.dao.UserPersonalDao.
2017-12-25 09:22:02,316 - Spring Data JPA - Could not safely identify store assignment for repository candidate interface com.eason.api.zb.dao.UserTicketDao.
2017-12-25 09:22:02,316 - Spring Data JPA - Could not safely identify store assignment for repository candidate interface com.eason.api.zb.dao.RoomPlanDao.
2017-12-25 09:22:02,386 - Multiple Spring Data modules found, entering strict repository configuration mode!
2017-12-25 09:22:02,419 - Spring Data MongoDB - Could not safely identify store assignment for repository candidate interface com.eason.api.zb.dao.MsgNotificationDao.
2017-12-25 09:22:02,420 - Spring Data MongoDB - Could not safely identify store assignment for repository candidate interface com.eason.api.zb.dao.UserAttentionDao.
2017-12-25 09:22:02,421 - Spring Data MongoDB - Could not safely identify store assignment for repository candidate interface com.eason.api.zb.dao.RoomRecrecordDao.
2017-12-25 09:22:02,421 - Spring Data MongoDB - Could not safely identify store assignment for repository candidate interface com.eason.api.zb.dao.RoomDao.
2017-12-25 09:22:02,421 - Spring Data MongoDB - Could not safely identify store assignment for repository candidate interface com.eason.api.zb.dao.GiftListDao.
2017-12-25 09:22:02,422 - Spring Data MongoDB - Could not safely identify store assignment for repository candidate interface com.eason.api.zb.dao.RoomAttributeDao.
2017-12-25 09:22:02,422 - Spring Data MongoDB - Could not safely identify store assignment for repository candidate interface com.eason.api.zb.dao.ZhuboDao.
2017-12-25 09:22:02,422 - Spring Data MongoDB - Could not safely identify store assignment for repository candidate interface com.eason.api.zb.dao.UserBlackDao.
2017-12-25 09:22:02,422 - Spring Data MongoDB - Could not safely identify store assignment for repository candidate interface com.eason.api.zb.dao.IndexBannerDao.
2017-12-25 09:22:02,423 - Spring Data MongoDB - Could not safely identify store assignment for repository candidate interface com.eason.api.zb.dao.RoomDeleteLogDao.
2017-12-25 09:22:02,423 - Spring Data MongoDB - Could not safely identify store assignment for repository candidate interface com.eason.api.zb.dao.RoomTypeSetDao.
2017-12-25 09:22:02,424 - Spring Data MongoDB - Could not safely identify store assignment for repository candidate interface com.eason.api.zb.dao.UcUserDao.
2017-12-25 09:22:02,424 - Spring Data MongoDB - Could not safely identify store assignment for repository candidate interface com.eason.api.zb.dao.RoomPlanStatDao.
2017-12-25 09:22:02,434 - Multiple Spring Data modules found, entering strict repository configuration mode!
2017-12-25 09:22:02,468 - Spring Data Redis - Could not safely identify store assignment for repository candidate interface com.eason.api.zb.dao.RoomCronDao.
2017-12-25 09:22:02,468 - Spring Data Redis - Could not safely identify store assignment for repository candidate interface com.eason.api.zb.dao.RoomConfDao.
2017-12-25 09:22:02,468 - Spring Data Redis - Could not safely identify store assignment for repository candidate interface com.eason.api.zb.dao.MsgNotificationDao.
2017-12-25 09:22:02,469 - Spring Data Redis - Could not safely identify store assignment for repository candidate interface com.eason.api.zb.dao.UserAttentionDao.
2017-12-25 09:22:02,469 - Spring Data Redis - Could not safely identify store assignment for repository candidate interface com.eason.api.zb.dao.UserPersonalDao.
2017-12-25 09:22:02,469 - Spring Data Redis - Could not safely identify store assignment for repository candidate interface com.eason.api.zb.dao.UserTicketDao.
2017-12-25 09:22:02,469 - Spring Data Redis - Could not safely identify store assignment for repository candidate interface com.eason.api.zb.dao.RoomPlanDao.
2017-12-25 09:22:02,469 - Spring Data Redis - Could not safely identify store assignment for repository candidate interface com.eason.api.zb.dao.RoomRecrecordDao.
2017-12-25 09:22:02,470 - Spring Data Redis - Could not safely identify store assignment for repository candidate interface com.eason.api.zb.dao.RoomDao.
2017-12-25 09:22:02,473 - Spring Data Redis - Could not safely identify store assignment for repository candidate interface com.eason.api.zb.dao.GiftListDao.
2017-12-25 09:22:02,474 - Spring Data Redis - Could not safely identify store assignment for repository candidate interface com.eason.api.zb.dao.RoomAttributeDao.
2017-12-25 09:22:02,475 - Spring Data Redis - Could not safely identify store assignment for repository candidate interface com.eason.api.zb.dao.ZhuboDao.
2017-12-25 09:22:02,475 - Spring Data Redis - Could not safely identify store assignment for repository candidate interface com.eason.api.zb.dao.UserBlackDao.
2017-12-25 09:22:02,475 - Spring Data Redis - Could not safely identify store assignment for repository candidate interface com.eason.api.zb.dao.IndexBannerDao.
2017-12-25 09:22:02,476 - Spring Data Redis - Could not safely identify store assignment for repository candidate interface com.eason.api.zb.dao.RoomDeleteLogDao.
2017-12-25 09:22:02,476 - Spring Data Redis - Could not safely identify store assignment for repository candidate interface com.eason.api.zb.dao.RoomTypeSetDao.
2017-12-25 09:22:02,476 - Spring Data Redis - Could not safely identify store assignment for repository candidate interface com.eason.api.zb.dao.UcUserDao.
2017-12-25 09:22:02,476 - Spring Data Redis - Could not safely identify store assignment for repository candidate interface com.eason.api.zb.dao.RoomPlanStatDao.
2017-12-25 09:22:02,654 - BeanFactory id=068d2bd6-7f6c-3134-b338-fa863a07bbfe
2017-12-25 09:22:02,674 - JSR-330 'javax.inject.Inject' annotation found and supported for autowiring
2017-12-25 09:22:02,764 - Bean 'org.springframework.transaction.annotation.ProxyTransactionManagementConfiguration' of type [org.springframework.transaction.annotation.ProxyTransactionManagementConfiguration$$EnhancerBySpringCGLIB$$24e08fa3] is not eligible for getting processed by all BeanPostProcessors (for example: not eligible for auto-proxying)
2017-12-25 09:22:02,818 - Bean 'org.springframework.cloud.netflix.metrics.MetricsInterceptorConfiguration$MetricsRestTemplateConfiguration' of type [org.springframework.cloud.netflix.metrics.MetricsInterceptorConfiguration$MetricsRestTemplateConfiguration$$EnhancerBySpringCGLIB$$570d35e4] is not eligible for getting processed by all BeanPostProcessors (for example: not eligible for auto-proxying)
2017-12-25 09:22:02,824 - Bean 'org.springframework.cloud.autoconfigure.ConfigurationPropertiesRebinderAutoConfiguration' of type [org.springframework.cloud.autoconfigure.ConfigurationPropertiesRebinderAutoConfiguration$$EnhancerBySpringCGLIB$$40fa92a0] is not eligible for getting processed by all BeanPostProcessors (for example: not eligible for auto-proxying)
2017-12-25 09:22:03,123 - Starting service [Tomcat]
2017-12-25 09:22:03,124 - Starting Servlet Engine: Apache Tomcat/8.5.23
2017-12-25 09:22:03,213 - Initializing Spring embedded WebApplicationContext
2017-12-25 09:22:03,906 - Building JPA container EntityManagerFactory for persistence unit 'default'
2017-12-25 09:22:03,916 - HHH000204: Processing PersistenceUnitInfo [
	name: default
	...]
2017-12-25 09:22:03,957 - HHH000412: Hibernate Core {5.0.12.Final}
2017-12-25 09:22:03,958 - HHH000206: hibernate.properties not found
2017-12-25 09:22:03,958 - HHH000021: Bytecode provider name : javassist
2017-12-25 09:22:03,984 - HCANN000001: Hibernate Commons Annotations {5.0.1.Final}
2017-12-25 09:22:04,054 - HHH000400: Using dialect: org.hibernate.dialect.MySQL5Dialect
2017-12-25 09:22:04,390 - HHH000397: Using ASTQueryTranslatorFactory
2017-12-25 09:22:04,462 - Initialized JPA EntityManagerFactory for persistence unit 'default'
2017-12-25 09:22:04,824 - Cluster created with settings {hosts=[192.168.0.109:27017], mode=SINGLE, requiredClusterType=UNKNOWN, serverSelectionTimeout='30000 ms', maxWaitQueueSize=500}
2017-12-25 09:22:04,913 - Opened connection [connectionId{localValue:1, serverValue:182}] to 192.168.0.109:27017
2017-12-25 09:22:04,916 - Monitor thread successfully connected to server with description ServerDescription{address=192.168.0.109:27017, type=STANDALONE, state=CONNECTED, ok=true, version=ServerVersion{versionList=[3, 4, 10]}, minWireVersion=0, maxWireVersion=5, maxDocumentSize=16777216, roundTripTimeNanos=1010916}
2017-12-25 09:22:05,004 - Opened connection [connectionId{localValue:2, serverValue:183}] to 192.168.0.109:27017
2017-12-25 09:22:05,620 - No URLs will be polled as dynamic configuration sources.
2017-12-25 09:22:05,621 - To enable URLs as dynamic configuration sources, define System property archaius.configurationSource.additionalUrls or make config.properties available on classpath.
2017-12-25 09:22:05,624 - No URLs will be polled as dynamic configuration sources.
2017-12-25 09:22:05,624 - To enable URLs as dynamic configuration sources, define System property archaius.configurationSource.additionalUrls or make config.properties available on classpath.
2017-12-25 09:23:00,026 - Refreshing org.springframework.context.annotation.AnnotationConfigApplicationContext@31528e99: startup date [Mon Dec 25 09:23:00 CST 2017]; root of context hierarchy
2017-12-25 09:23:00,250 - JSR-330 'javax.inject.Inject' annotation found and supported for autowiring
2017-12-25 09:23:00,311 - Bean 'configurationPropertiesRebinderAutoConfiguration' of type [org.springframework.cloud.autoconfigure.ConfigurationPropertiesRebinderAutoConfiguration$$EnhancerBySpringCGLIB$$aeb3a23b] is not eligible for getting processed by all BeanPostProcessors (for example: not eligible for auto-proxying)
2017-12-25 09:23:00,566 - Setting initial instance status as: STARTING
2017-12-25 09:23:00,626 - Initializing Eureka in region us-east-1
2017-12-25 09:23:00,790 - Using JSON encoding codec LegacyJacksonJson
2017-12-25 09:23:00,791 - Using JSON decoding codec LegacyJacksonJson
2017-12-25 09:23:00,852 - Using XML encoding codec XStreamXml
2017-12-25 09:23:00,853 - Using XML decoding codec XStreamXml
2017-12-25 09:23:01,012 - Resolving eureka endpoints via configuration
2017-12-25 09:23:01,064 - Disable delta property : false
2017-12-25 09:23:01,064 - Single vip registry refresh property : null
2017-12-25 09:23:01,064 - Force full registry fetch : false
2017-12-25 09:23:01,064 - Application is null : false
2017-12-25 09:23:01,064 - Registered Applications size is zero : true
2017-12-25 09:23:01,064 - Application version is -1: true
2017-12-25 09:23:01,065 - Getting all instance registry info from the eureka server
2017-12-25 09:23:01,175 - The response status is 200
2017-12-25 09:23:01,176 - Not registering with Eureka server per configuration
2017-12-25 09:23:01,179 - Discovery Client initialized at timestamp 1514164981179 with initial instances count: 7
2017-12-25 09:23:01,433 - Fetching config from server at: http://DESKTOP-KED4AR2:8760/
2017-12-25 09:23:04,179 - Located environment: name=service-api-zb-impl, profiles=[dev], label=null, version=7d59780374a3781abc44216be860972f7397a626, state=null
2017-12-25 09:23:04,179 - Located property source: CompositePropertySource [name='configService', propertySources=[MapPropertySource {name='configClient'}, MapPropertySource {name='http://118.193.190.240/qvodgitadmin/zb_api_server.git/parent/config-service/zb/service-api-zb-impl-dev.yml'}]]
2017-12-25 09:23:05,221 - Multiple Spring Data modules found, entering strict repository configuration mode!
2017-12-25 09:23:05,264 - Spring Data JPA - Could not safely identify store assignment for repository candidate interface com.eason.api.zb.dao.RoomCronDao.
2017-12-25 09:23:05,265 - Spring Data JPA - Could not safely identify store assignment for repository candidate interface com.eason.api.zb.dao.RoomConfDao.
2017-12-25 09:23:05,268 - Spring Data JPA - Could not safely identify store assignment for repository candidate interface com.eason.api.zb.dao.UserPersonalDao.
2017-12-25 09:23:05,269 - Spring Data JPA - Could not safely identify store assignment for repository candidate interface com.eason.api.zb.dao.UserTicketDao.
2017-12-25 09:23:05,270 - Spring Data JPA - Could not safely identify store assignment for repository candidate interface com.eason.api.zb.dao.RoomPlanDao.
2017-12-25 09:23:05,340 - Multiple Spring Data modules found, entering strict repository configuration mode!
2017-12-25 09:23:05,374 - Spring Data MongoDB - Could not safely identify store assignment for repository candidate interface com.eason.api.zb.dao.MsgNotificationDao.
2017-12-25 09:23:05,375 - Spring Data MongoDB - Could not safely identify store assignment for repository candidate interface com.eason.api.zb.dao.UserAttentionDao.
2017-12-25 09:23:05,376 - Spring Data MongoDB - Could not safely identify store assignment for repository candidate interface com.eason.api.zb.dao.RoomRecrecordDao.
2017-12-25 09:23:05,376 - Spring Data MongoDB - Could not safely identify store assignment for repository candidate interface com.eason.api.zb.dao.RoomDao.
2017-12-25 09:23:05,376 - Spring Data MongoDB - Could not safely identify store assignment for repository candidate interface com.eason.api.zb.dao.GiftListDao.
2017-12-25 09:23:05,377 - Spring Data MongoDB - Could not safely identify store assignment for repository candidate interface com.eason.api.zb.dao.RoomAttributeDao.
2017-12-25 09:23:05,377 - Spring Data MongoDB - Could not safely identify store assignment for repository candidate interface com.eason.api.zb.dao.ZhuboDao.
2017-12-25 09:23:05,377 - Spring Data MongoDB - Could not safely identify store assignment for repository candidate interface com.eason.api.zb.dao.UserBlackDao.
2017-12-25 09:23:05,378 - Spring Data MongoDB - Could not safely identify store assignment for repository candidate interface com.eason.api.zb.dao.IndexBannerDao.
2017-12-25 09:23:05,378 - Spring Data MongoDB - Could not safely identify store assignment for repository candidate interface com.eason.api.zb.dao.RoomDeleteLogDao.
2017-12-25 09:23:05,379 - Spring Data MongoDB - Could not safely identify store assignment for repository candidate interface com.eason.api.zb.dao.RoomTypeSetDao.
2017-12-25 09:23:05,379 - Spring Data MongoDB - Could not safely identify store assignment for repository candidate interface com.eason.api.zb.dao.UcUserDao.
2017-12-25 09:23:05,379 - Spring Data MongoDB - Could not safely identify store assignment for repository candidate interface com.eason.api.zb.dao.RoomPlanStatDao.
2017-12-25 09:23:05,390 - Multiple Spring Data modules found, entering strict repository configuration mode!
2017-12-25 09:23:05,425 - Spring Data Redis - Could not safely identify store assignment for repository candidate interface com.eason.api.zb.dao.RoomCronDao.
2017-12-25 09:23:05,425 - Spring Data Redis - Could not safely identify store assignment for repository candidate interface com.eason.api.zb.dao.RoomConfDao.
2017-12-25 09:23:05,425 - Spring Data Redis - Could not safely identify store assignment for repository candidate interface com.eason.api.zb.dao.MsgNotificationDao.
2017-12-25 09:23:05,425 - Spring Data Redis - Could not safely identify store assignment for repository candidate interface com.eason.api.zb.dao.UserAttentionDao.
2017-12-25 09:23:05,426 - Spring Data Redis - Could not safely identify store assignment for repository candidate interface com.eason.api.zb.dao.UserPersonalDao.
2017-12-25 09:23:05,426 - Spring Data Redis - Could not safely identify store assignment for repository candidate interface com.eason.api.zb.dao.UserTicketDao.
2017-12-25 09:23:05,426 - Spring Data Redis - Could not safely identify store assignment for repository candidate interface com.eason.api.zb.dao.RoomPlanDao.
2017-12-25 09:23:05,426 - Spring Data Redis - Could not safely identify store assignment for repository candidate interface com.eason.api.zb.dao.RoomRecrecordDao.
2017-12-25 09:23:05,426 - Spring Data Redis - Could not safely identify store assignment for repository candidate interface com.eason.api.zb.dao.RoomDao.
2017-12-25 09:23:05,429 - Spring Data Redis - Could not safely identify store assignment for repository candidate interface com.eason.api.zb.dao.GiftListDao.
2017-12-25 09:23:05,429 - Spring Data Redis - Could not safely identify store assignment for repository candidate interface com.eason.api.zb.dao.RoomAttributeDao.
2017-12-25 09:23:05,430 - Spring Data Redis - Could not safely identify store assignment for repository candidate interface com.eason.api.zb.dao.ZhuboDao.
2017-12-25 09:23:05,431 - Spring Data Redis - Could not safely identify store assignment for repository candidate interface com.eason.api.zb.dao.UserBlackDao.
2017-12-25 09:23:05,431 - Spring Data Redis - Could not safely identify store assignment for repository candidate interface com.eason.api.zb.dao.IndexBannerDao.
2017-12-25 09:23:05,431 - Spring Data Redis - Could not safely identify store assignment for repository candidate interface com.eason.api.zb.dao.RoomDeleteLogDao.
2017-12-25 09:23:05,431 - Spring Data Redis - Could not safely identify store assignment for repository candidate interface com.eason.api.zb.dao.RoomTypeSetDao.
2017-12-25 09:23:05,431 - Spring Data Redis - Could not safely identify store assignment for repository candidate interface com.eason.api.zb.dao.UcUserDao.
2017-12-25 09:23:05,432 - Spring Data Redis - Could not safely identify store assignment for repository candidate interface com.eason.api.zb.dao.RoomPlanStatDao.
2017-12-25 09:23:05,616 - BeanFactory id=068d2bd6-7f6c-3134-b338-fa863a07bbfe
2017-12-25 09:23:05,637 - JSR-330 'javax.inject.Inject' annotation found and supported for autowiring
2017-12-25 09:23:05,731 - Bean 'org.springframework.transaction.annotation.ProxyTransactionManagementConfiguration' of type [org.springframework.transaction.annotation.ProxyTransactionManagementConfiguration$$EnhancerBySpringCGLIB$$92999f3e] is not eligible for getting processed by all BeanPostProcessors (for example: not eligible for auto-proxying)
2017-12-25 09:23:05,786 - Bean 'org.springframework.cloud.netflix.metrics.MetricsInterceptorConfiguration$MetricsRestTemplateConfiguration' of type [org.springframework.cloud.netflix.metrics.MetricsInterceptorConfiguration$MetricsRestTemplateConfiguration$$EnhancerBySpringCGLIB$$c4c6457f] is not eligible for getting processed by all BeanPostProcessors (for example: not eligible for auto-proxying)
2017-12-25 09:23:05,794 - Bean 'org.springframework.cloud.autoconfigure.ConfigurationPropertiesRebinderAutoConfiguration' of type [org.springframework.cloud.autoconfigure.ConfigurationPropertiesRebinderAutoConfiguration$$EnhancerBySpringCGLIB$$aeb3a23b] is not eligible for getting processed by all BeanPostProcessors (for example: not eligible for auto-proxying)
2017-12-25 09:23:06,075 - Starting service [Tomcat]
2017-12-25 09:23:06,076 - Starting Servlet Engine: Apache Tomcat/8.5.23
2017-12-25 09:23:06,163 - Initializing Spring embedded WebApplicationContext
2017-12-25 09:23:06,836 - Building JPA container EntityManagerFactory for persistence unit 'default'
2017-12-25 09:23:06,845 - HHH000204: Processing PersistenceUnitInfo [
	name: default
	...]
2017-12-25 09:23:06,883 - HHH000412: Hibernate Core {5.0.12.Final}
2017-12-25 09:23:06,885 - HHH000206: hibernate.properties not found
2017-12-25 09:23:06,885 - HHH000021: Bytecode provider name : javassist
2017-12-25 09:23:06,911 - HCANN000001: Hibernate Commons Annotations {5.0.1.Final}
2017-12-25 09:23:06,984 - HHH000400: Using dialect: org.hibernate.dialect.MySQL5Dialect
2017-12-25 09:23:07,318 - HHH000397: Using ASTQueryTranslatorFactory
2017-12-25 09:23:07,386 - Initialized JPA EntityManagerFactory for persistence unit 'default'
2017-12-25 09:23:07,735 - Cluster created with settings {hosts=[192.168.0.109:27017], mode=SINGLE, requiredClusterType=UNKNOWN, serverSelectionTimeout='30000 ms', maxWaitQueueSize=500}
2017-12-25 09:23:07,823 - Opened connection [connectionId{localValue:1, serverValue:184}] to 192.168.0.109:27017
2017-12-25 09:23:07,825 - Monitor thread successfully connected to server with description ServerDescription{address=192.168.0.109:27017, type=STANDALONE, state=CONNECTED, ok=true, version=ServerVersion{versionList=[3, 4, 10]}, minWireVersion=0, maxWireVersion=5, maxDocumentSize=16777216, roundTripTimeNanos=876658}
2017-12-25 09:23:07,909 - Opened connection [connectionId{localValue:2, serverValue:185}] to 192.168.0.109:27017
2017-12-25 09:23:08,503 - No URLs will be polled as dynamic configuration sources.
2017-12-25 09:23:08,504 - To enable URLs as dynamic configuration sources, define System property archaius.configurationSource.additionalUrls or make config.properties available on classpath.
2017-12-25 09:23:08,507 - No URLs will be polled as dynamic configuration sources.
2017-12-25 09:23:08,508 - To enable URLs as dynamic configuration sources, define System property archaius.configurationSource.additionalUrls or make config.properties available on classpath.
2017-12-25 09:23:09,610 - SpringTemplateLoader for FreeMarker: using resource loader [org.springframework.boot.context.embedded.AnnotationConfigEmbeddedWebApplicationContext@13ed623d: startup date [Mon Dec 25 09:23:04 CST 2017]; parent: org.springframework.context.annotation.AnnotationConfigApplicationContext@31528e99] and template loader path [classpath:/templates/]
2017-12-25 09:23:09,868 - Shutting down DiscoveryClient ...
2017-12-25 09:23:09,873 - Completed shut down of DiscoveryClient
2017-12-25 09:23:09,929 - Registering beans for JMX exposure on startup
2017-12-25 09:23:09,936 - Bean with name 'environmentManager' has been autodetected for JMX exposure
2017-12-25 09:23:09,939 - Bean with name 'configurationPropertiesRebinder' has been autodetected for JMX exposure
2017-12-25 09:23:09,939 - Bean with name 'refreshEndpoint' has been autodetected for JMX exposure
2017-12-25 09:23:09,939 - Bean with name 'restartEndpoint' has been autodetected for JMX exposure
2017-12-25 09:23:09,940 - Bean with name 'serviceRegistryEndpoint' has been autodetected for JMX exposure
2017-12-25 09:23:09,941 - Bean with name 'refreshScope' has been autodetected for JMX exposure
2017-12-25 09:23:09,942 - Located managed bean 'environmentManager': registering with JMX server as MBean [org.springframework.cloud.context.environment:name=environmentManager,type=EnvironmentManager]
2017-12-25 09:23:09,951 - Located managed bean 'restartEndpoint': registering with JMX server as MBean [org.springframework.cloud.context.restart:name=restartEndpoint,type=RestartEndpoint]
2017-12-25 09:23:09,957 - Located managed bean 'serviceRegistryEndpoint': registering with JMX server as MBean [org.springframework.cloud.client.serviceregistry.endpoint:name=serviceRegistryEndpoint,type=ServiceRegistryEndpoint]
2017-12-25 09:23:09,961 - Located managed bean 'refreshScope': registering with JMX server as MBean [org.springframework.cloud.context.scope.refresh:name=refreshScope,type=RefreshScope]
2017-12-25 09:23:09,968 - Located managed bean 'configurationPropertiesRebinder': registering with JMX server as MBean [org.springframework.cloud.context.properties:name=configurationPropertiesRebinder,context=13ed623d,type=ConfigurationPropertiesRebinder]
2017-12-25 09:23:09,971 - Located managed bean 'refreshEndpoint': registering with JMX server as MBean [org.springframework.cloud.endpoint:name=refreshEndpoint,type=RefreshEndpoint]
2017-12-25 09:23:10,396 - Starting beans in phase 0
2017-12-25 09:23:10,398 - Setting initial instance status as: STARTING
2017-12-25 09:23:10,405 - Initializing Eureka in region us-east-1
2017-12-25 09:23:10,406 - Using JSON encoding codec LegacyJacksonJson
2017-12-25 09:23:10,407 - Using JSON decoding codec LegacyJacksonJson
2017-12-25 09:23:10,407 - Using XML encoding codec XStreamXml
2017-12-25 09:23:10,407 - Using XML decoding codec XStreamXml
2017-12-25 09:23:10,446 - Resolving eureka endpoints via configuration
2017-12-25 09:23:10,447 - Disable delta property : false
2017-12-25 09:23:10,447 - Single vip registry refresh property : null
2017-12-25 09:23:10,447 - Force full registry fetch : false
2017-12-25 09:23:10,447 - Application is null : false
2017-12-25 09:23:10,447 - Registered Applications size is zero : true
2017-12-25 09:23:10,447 - Application version is -1: true
2017-12-25 09:23:10,447 - Getting all instance registry info from the eureka server
2017-12-25 09:23:10,451 - The response status is 200
2017-12-25 09:23:10,452 - Starting heartbeat executor: renew interval is: 30
2017-12-25 09:23:10,454 - InstanceInfoReplicator onDemand update allowed rate per min is 4
2017-12-25 09:23:10,455 - Discovery Client initialized at timestamp 1514164990455 with initial instances count: 7
2017-12-25 09:23:10,467 - Registering application service-api-zb-impl with eureka with status UP
2017-12-25 09:23:10,467 - Saw local status change event StatusChangeEvent [timestamp=1514164990467, current=UP, previous=STARTING]
2017-12-25 09:23:10,468 - DiscoveryClient_SERVICE-API-ZB-IMPL/DESKTOP-KED4AR2:service-api-zb-impl:8762: registering service...
2017-12-25 09:23:10,492 - DiscoveryClient_SERVICE-API-ZB-IMPL/DESKTOP-KED4AR2:service-api-zb-impl:8762 - registration status: 204
2017-12-25 09:23:10,541 - Updating port to 8762
2017-12-25 09:23:10,843 - Fetching config from server at: http://DESKTOP-KED4AR2:8760/
2017-12-25 09:23:12,308 - Located environment: name=service-api-zb-impl, profiles=[dev], label=null, version=7d59780374a3781abc44216be860972f7397a626, state=null
2017-12-25 09:25:10,489 - DiscoveryClient_SERVICE-API-ZB-IMPL/DESKTOP-KED4AR2:service-api-zb-impl:8762 - Re-registering apps/SERVICE-API-ZB-IMPL
2017-12-25 09:25:10,497 - DiscoveryClient_SERVICE-API-ZB-IMPL/DESKTOP-KED4AR2:service-api-zb-impl:8762: registering service...
2017-12-25 09:25:10,513 - DiscoveryClient_SERVICE-API-ZB-IMPL/DESKTOP-KED4AR2:service-api-zb-impl:8762 - registration status: 204
2017-12-25 09:26:39,242 - Initializing Spring FrameworkServlet 'dispatcherServlet'
2017-12-25 09:28:10,449 - Resolving eureka endpoints via configuration
2017-12-25 09:33:10,452 - Resolving eureka endpoints via configuration
2017-12-25 09:38:10,454 - Resolving eureka endpoints via configuration
