2017-12-13 00:04:14,730 - Resolving eureka endpoints via configuration
2017-12-13 00:09:14,738 - Resolving eureka endpoints via configuration
2017-12-13 00:14:14,741 - Resolving eureka endpoints via configuration
2017-12-13 00:19:14,747 - Resolving eureka endpoints via configuration
2017-12-13 00:24:14,749 - Resolving eureka endpoints via configuration
2017-12-13 00:29:14,750 - Resolving eureka endpoints via configuration
2017-12-13 00:34:14,752 - Resolving eureka endpoints via configuration
2017-12-13 00:39:14,756 - Resolving eureka endpoints via configuration
2017-12-13 00:44:14,758 - Resolving eureka endpoints via configuration
2017-12-13 00:49:14,760 - Resolving eureka endpoints via configuration
2017-12-13 00:54:14,763 - Resolving eureka endpoints via configuration
2017-12-13 00:59:14,765 - Resolving eureka endpoints via configuration
2017-12-13 01:04:14,767 - Resolving eureka endpoints via configuration
2017-12-13 01:09:14,769 - Resolving eureka endpoints via configuration
2017-12-13 01:14:14,772 - Resolving eureka endpoints via configuration
2017-12-13 01:19:14,778 - Resolving eureka endpoints via configuration
2017-12-13 01:24:14,780 - Resolving eureka endpoints via configuration
2017-12-13 01:29:14,782 - Resolving eureka endpoints via configuration
2017-12-13 01:34:14,784 - Resolving eureka endpoints via configuration
2017-12-13 01:39:14,787 - Resolving eureka endpoints via configuration
2017-12-13 01:44:14,790 - Resolving eureka endpoints via configuration
2017-12-13 01:49:14,792 - Resolving eureka endpoints via configuration
2017-12-13 01:54:14,795 - Resolving eureka endpoints via configuration
2017-12-13 01:59:14,801 - Resolving eureka endpoints via configuration
2017-12-13 02:04:14,803 - Resolving eureka endpoints via configuration
2017-12-13 02:09:14,809 - Resolving eureka endpoints via configuration
2017-12-13 02:14:14,811 - Resolving eureka endpoints via configuration
2017-12-13 02:19:14,813 - Resolving eureka endpoints via configuration
2017-12-13 02:24:14,815 - Resolving eureka endpoints via configuration
2017-12-13 02:29:14,819 - Resolving eureka endpoints via configuration
2017-12-13 02:34:14,822 - Resolving eureka endpoints via configuration
2017-12-13 02:39:14,824 - Resolving eureka endpoints via configuration
2017-12-13 02:44:14,826 - Resolving eureka endpoints via configuration
2017-12-13 02:49:14,829 - Resolving eureka endpoints via configuration
2017-12-13 02:54:14,831 - Resolving eureka endpoints via configuration
2017-12-13 02:59:14,832 - Resolving eureka endpoints via configuration
2017-12-13 03:04:14,834 - Resolving eureka endpoints via configuration
2017-12-13 03:09:14,836 - Resolving eureka endpoints via configuration
2017-12-13 03:14:14,839 - Resolving eureka endpoints via configuration
2017-12-13 03:19:14,841 - Resolving eureka endpoints via configuration
2017-12-13 03:24:14,844 - Resolving eureka endpoints via configuration
2017-12-13 03:29:14,846 - Resolving eureka endpoints via configuration
2017-12-13 03:34:14,849 - Resolving eureka endpoints via configuration
2017-12-13 03:39:14,850 - Resolving eureka endpoints via configuration
2017-12-13 03:44:14,853 - Resolving eureka endpoints via configuration
2017-12-13 03:49:14,855 - Resolving eureka endpoints via configuration
2017-12-13 03:54:14,857 - Resolving eureka endpoints via configuration
2017-12-13 03:59:14,859 - Resolving eureka endpoints via configuration
2017-12-13 04:00:01,322 - Initializing Spring FrameworkServlet 'dispatcherServlet'
2017-12-13 04:04:14,861 - Resolving eureka endpoints via configuration
2017-12-13 04:09:14,863 - Resolving eureka endpoints via configuration
2017-12-13 04:14:14,867 - Resolving eureka endpoints via configuration
2017-12-13 04:19:14,868 - Resolving eureka endpoints via configuration
2017-12-13 04:24:14,871 - Resolving eureka endpoints via configuration
2017-12-13 04:29:14,872 - Resolving eureka endpoints via configuration
2017-12-13 04:34:14,874 - Resolving eureka endpoints via configuration
2017-12-13 04:39:14,876 - Resolving eureka endpoints via configuration
2017-12-13 04:44:14,877 - Resolving eureka endpoints via configuration
2017-12-13 04:49:14,879 - Resolving eureka endpoints via configuration
2017-12-13 04:54:14,881 - Resolving eureka endpoints via configuration
2017-12-13 04:59:14,883 - Resolving eureka endpoints via configuration
2017-12-13 05:04:16,775 - Resolving eureka endpoints via configuration
2017-12-13 05:09:16,777 - Resolving eureka endpoints via configuration
2017-12-13 05:14:16,780 - Resolving eureka endpoints via configuration
2017-12-13 05:19:16,782 - Resolving eureka endpoints via configuration
2017-12-13 05:24:16,784 - Resolving eureka endpoints via configuration
2017-12-13 05:29:16,787 - Resolving eureka endpoints via configuration
2017-12-13 05:34:16,789 - Resolving eureka endpoints via configuration
2017-12-13 05:39:16,791 - Resolving eureka endpoints via configuration
2017-12-13 05:44:16,793 - Resolving eureka endpoints via configuration
2017-12-13 05:49:16,794 - Resolving eureka endpoints via configuration
2017-12-13 05:54:16,797 - Resolving eureka endpoints via configuration
2017-12-13 05:59:16,799 - Resolving eureka endpoints via configuration
2017-12-13 06:04:16,807 - Resolving eureka endpoints via configuration
2017-12-13 06:09:16,812 - Resolving eureka endpoints via configuration
2017-12-13 06:14:16,814 - Resolving eureka endpoints via configuration
2017-12-13 06:19:16,817 - Resolving eureka endpoints via configuration
2017-12-13 06:24:16,820 - Resolving eureka endpoints via configuration
2017-12-13 06:29:16,821 - Resolving eureka endpoints via configuration
2017-12-13 06:34:16,822 - Resolving eureka endpoints via configuration
2017-12-13 06:39:16,825 - Resolving eureka endpoints via configuration
2017-12-13 06:44:16,828 - Resolving eureka endpoints via configuration
2017-12-13 06:49:16,830 - Resolving eureka endpoints via configuration
2017-12-13 06:54:16,832 - Resolving eureka endpoints via configuration
2017-12-13 06:59:16,834 - Resolving eureka endpoints via configuration
2017-12-13 07:04:16,837 - Resolving eureka endpoints via configuration
2017-12-13 07:09:16,840 - Resolving eureka endpoints via configuration
2017-12-13 07:14:16,842 - Resolving eureka endpoints via configuration
2017-12-13 07:19:16,845 - Resolving eureka endpoints via configuration
2017-12-13 07:24:16,848 - Resolving eureka endpoints via configuration
2017-12-13 07:29:16,854 - Resolving eureka endpoints via configuration
2017-12-13 07:34:16,856 - Resolving eureka endpoints via configuration
2017-12-13 07:39:16,858 - Resolving eureka endpoints via configuration
2017-12-13 07:44:16,860 - Resolving eureka endpoints via configuration
2017-12-13 07:49:16,862 - Resolving eureka endpoints via configuration
2017-12-13 07:54:16,864 - Resolving eureka endpoints via configuration
2017-12-13 07:59:16,866 - Resolving eureka endpoints via configuration
2017-12-13 08:04:16,868 - Resolving eureka endpoints via configuration
2017-12-13 08:09:16,873 - Resolving eureka endpoints via configuration
2017-12-13 08:14:16,875 - Resolving eureka endpoints via configuration
2017-12-13 08:19:16,877 - Resolving eureka endpoints via configuration
2017-12-13 08:24:16,883 - Resolving eureka endpoints via configuration
2017-12-13 08:29:16,886 - Resolving eureka endpoints via configuration
2017-12-13 08:34:16,887 - Resolving eureka endpoints via configuration
2017-12-13 08:39:16,889 - Resolving eureka endpoints via configuration
2017-12-13 08:44:16,891 - Resolving eureka endpoints via configuration
2017-12-13 08:49:16,893 - Resolving eureka endpoints via configuration
2017-12-13 08:54:16,896 - Resolving eureka endpoints via configuration
2017-12-13 08:59:16,902 - Resolving eureka endpoints via configuration
2017-12-13 09:04:16,904 - Resolving eureka endpoints via configuration
2017-12-13 09:09:16,905 - Resolving eureka endpoints via configuration
2017-12-13 09:14:16,908 - Resolving eureka endpoints via configuration
2017-12-13 09:19:16,912 - Resolving eureka endpoints via configuration
2017-12-13 09:24:16,914 - Resolving eureka endpoints via configuration
2017-12-13 09:29:16,917 - Resolving eureka endpoints via configuration
2017-12-13 09:34:16,919 - Resolving eureka endpoints via configuration
2017-12-13 09:39:16,921 - Resolving eureka endpoints via configuration
2017-12-13 09:44:16,922 - Resolving eureka endpoints via configuration
2017-12-13 09:49:16,925 - Resolving eureka endpoints via configuration
2017-12-13 09:54:16,926 - Resolving eureka endpoints via configuration
2017-12-13 09:59:16,928 - Resolving eureka endpoints via configuration
2017-12-13 10:04:16,930 - Resolving eureka endpoints via configuration
2017-12-13 10:09:16,932 - Resolving eureka endpoints via configuration
2017-12-13 10:14:16,934 - Resolving eureka endpoints via configuration
2017-12-13 10:19:16,936 - Resolving eureka endpoints via configuration
2017-12-13 10:24:16,939 - Resolving eureka endpoints via configuration
2017-12-13 10:29:16,941 - Resolving eureka endpoints via configuration
2017-12-13 10:34:16,943 - Resolving eureka endpoints via configuration
2017-12-13 10:39:16,945 - Resolving eureka endpoints via configuration
2017-12-13 10:44:16,948 - Resolving eureka endpoints via configuration
2017-12-13 10:49:16,950 - Resolving eureka endpoints via configuration
2017-12-13 10:54:16,953 - Resolving eureka endpoints via configuration
2017-12-13 10:59:16,957 - Resolving eureka endpoints via configuration
2017-12-13 11:04:16,960 - Resolving eureka endpoints via configuration
2017-12-13 11:09:16,963 - Resolving eureka endpoints via configuration
2017-12-13 11:14:16,966 - Resolving eureka endpoints via configuration
2017-12-13 11:19:16,968 - Resolving eureka endpoints via configuration
2017-12-13 11:24:16,971 - Resolving eureka endpoints via configuration
2017-12-13 11:29:16,974 - Resolving eureka endpoints via configuration
2017-12-13 11:34:16,976 - Resolving eureka endpoints via configuration
2017-12-13 11:39:16,979 - Resolving eureka endpoints via configuration
2017-12-13 11:44:16,980 - Resolving eureka endpoints via configuration
2017-12-13 11:49:16,983 - Resolving eureka endpoints via configuration
2017-12-13 11:54:16,986 - Resolving eureka endpoints via configuration
2017-12-13 11:59:16,988 - Resolving eureka endpoints via configuration
2017-12-13 12:04:16,991 - Resolving eureka endpoints via configuration
2017-12-13 12:09:16,993 - Resolving eureka endpoints via configuration
2017-12-13 12:14:16,994 - Resolving eureka endpoints via configuration
2017-12-13 12:19:16,996 - Resolving eureka endpoints via configuration
2017-12-13 12:24:17,000 - Resolving eureka endpoints via configuration
2017-12-13 12:29:17,003 - Resolving eureka endpoints via configuration
2017-12-13 12:34:17,005 - Resolving eureka endpoints via configuration
2017-12-13 12:39:17,007 - Resolving eureka endpoints via configuration
2017-12-13 12:44:17,008 - Resolving eureka endpoints via configuration
2017-12-13 12:49:17,010 - Resolving eureka endpoints via configuration
2017-12-13 12:54:17,013 - Resolving eureka endpoints via configuration
2017-12-13 12:59:17,017 - Resolving eureka endpoints via configuration
2017-12-13 13:04:17,019 - Resolving eureka endpoints via configuration
2017-12-13 13:09:17,021 - Resolving eureka endpoints via configuration
2017-12-13 13:14:17,025 - Resolving eureka endpoints via configuration
2017-12-13 13:19:17,028 - Resolving eureka endpoints via configuration
2017-12-13 13:24:17,030 - Resolving eureka endpoints via configuration
2017-12-13 13:29:17,032 - Resolving eureka endpoints via configuration
2017-12-13 13:34:17,034 - Resolving eureka endpoints via configuration
2017-12-13 13:39:17,036 - Resolving eureka endpoints via configuration
2017-12-13 13:44:17,038 - Resolving eureka endpoints via configuration
2017-12-13 13:49:17,040 - Resolving eureka endpoints via configuration
2017-12-13 13:54:17,042 - Resolving eureka endpoints via configuration
2017-12-13 13:55:16,501 - Closing org.springframework.context.annotation.AnnotationConfigApplicationContext@2e2b3ee6: startup date [Tue Dec 12 18:29:03 CST 2017]; root of context hierarchy
2017-12-13 13:55:16,505 - Unregistering application service-api-zb-impl with eureka with status DOWN
2017-12-13 13:55:16,507 - Saw local status change event StatusChangeEvent [timestamp=1513144516507, current=DOWN, previous=UP]
2017-12-13 13:55:16,508 - DiscoveryClient_SERVICE-API-ZB-IMPL/localhost:service-api-zb-impl:8762: registering service...
2017-12-13 13:55:16,513 - DiscoveryClient_SERVICE-API-ZB-IMPL/localhost:service-api-zb-impl:8762 - registration status: 204
2017-12-13 13:55:16,517 - Shutting down DiscoveryClient ...
2017-12-13 13:55:16,524 - Unregistering ...
2017-12-13 13:55:16,537 - DiscoveryClient_SERVICE-API-ZB-IMPL/localhost:service-api-zb-impl:8762 - deregister  status: 200
2017-12-13 13:55:16,543 - Completed shut down of DiscoveryClient
2017-12-13 13:55:16,551 - Stopping beans in phase 0
2017-12-13 13:55:16,554 - Invocation of destroy method failed on bean with name 'classPathFileSystemWatcher': java.lang.NullPointerException
2017-12-13 13:55:16,557 - Unregistering JMX-exposed beans on shutdown
2017-12-13 13:55:16,557 - Unregistering JMX-exposed beans
2017-12-13 13:55:16,578 - Closed connection [connectionId{localValue:2, serverValue:5097}] to 192.168.0.109:27017 because the pool has been closed.
2017-12-13 13:55:16,583 - Closing JPA EntityManagerFactory for persistence unit 'default'
2017-12-13 13:55:18,213 - Refreshing org.springframework.context.annotation.AnnotationConfigApplicationContext@4811f2c6: startup date [Wed Dec 13 13:55:18 CST 2017]; root of context hierarchy
2017-12-13 13:55:18,237 - JSR-330 'javax.inject.Inject' annotation found and supported for autowiring
2017-12-13 13:55:18,239 - Bean 'configurationPropertiesRebinderAutoConfiguration' of type [org.springframework.cloud.autoconfigure.ConfigurationPropertiesRebinderAutoConfiguration$$EnhancerBySpringCGLIB$$b199d23e] is not eligible for getting processed by all BeanPostProcessors (for example: not eligible for auto-proxying)
2017-12-13 13:55:20,499 - Multiple Spring Data modules found, entering strict repository configuration mode!
2017-12-13 13:55:20,552 - Spring Data JPA - Could not safely identify store assignment for repository candidate interface com.eason.api.zb.dao.RoomCronDao.
2017-12-13 13:55:20,552 - Spring Data JPA - Could not safely identify store assignment for repository candidate interface com.eason.api.zb.dao.RoomConfDao.
2017-12-13 13:55:20,554 - Spring Data JPA - Could not safely identify store assignment for repository candidate interface com.eason.api.zb.dao.UserPersonalDao.
2017-12-13 13:55:20,556 - Spring Data JPA - Could not safely identify store assignment for repository candidate interface com.eason.api.zb.dao.UserTicketDao.
2017-12-13 13:55:20,557 - Spring Data JPA - Could not safely identify store assignment for repository candidate interface com.eason.api.zb.dao.RoomPlanDao.
2017-12-13 13:55:20,575 - Multiple Spring Data modules found, entering strict repository configuration mode!
2017-12-13 13:55:20,623 - Spring Data MongoDB - Could not safely identify store assignment for repository candidate interface com.eason.api.zb.dao.MsgNotificationDao.
2017-12-13 13:55:20,624 - Spring Data MongoDB - Could not safely identify store assignment for repository candidate interface com.eason.api.zb.dao.UserAttentionDao.
2017-12-13 13:55:20,624 - Spring Data MongoDB - Could not safely identify store assignment for repository candidate interface com.eason.api.zb.dao.RoomRecrecordDao.
2017-12-13 13:55:20,624 - Spring Data MongoDB - Could not safely identify store assignment for repository candidate interface com.eason.api.zb.dao.RoomDao.
2017-12-13 13:55:20,624 - Spring Data MongoDB - Could not safely identify store assignment for repository candidate interface com.eason.api.zb.dao.GiftListDao.
2017-12-13 13:55:20,625 - Spring Data MongoDB - Could not safely identify store assignment for repository candidate interface com.eason.api.zb.dao.RoomAttributeDao.
2017-12-13 13:55:20,625 - Spring Data MongoDB - Could not safely identify store assignment for repository candidate interface com.eason.api.zb.dao.ZhuboDao.
2017-12-13 13:55:20,625 - Spring Data MongoDB - Could not safely identify store assignment for repository candidate interface com.eason.api.zb.dao.UserBlackDao.
2017-12-13 13:55:20,625 - Spring Data MongoDB - Could not safely identify store assignment for repository candidate interface com.eason.api.zb.dao.IndexBannerDao.
2017-12-13 13:55:20,626 - Spring Data MongoDB - Could not safely identify store assignment for repository candidate interface com.eason.api.zb.dao.RoomDeleteLogDao.
2017-12-13 13:55:20,626 - Spring Data MongoDB - Could not safely identify store assignment for repository candidate interface com.eason.api.zb.dao.RoomTypeSetDao.
2017-12-13 13:55:20,626 - Spring Data MongoDB - Could not safely identify store assignment for repository candidate interface com.eason.api.zb.dao.UcUserDao.
2017-12-13 13:55:20,627 - Spring Data MongoDB - Could not safely identify store assignment for repository candidate interface com.eason.api.zb.dao.RoomPlanStatDao.
2017-12-13 13:55:20,633 - Multiple Spring Data modules found, entering strict repository configuration mode!
2017-12-13 13:55:20,679 - Spring Data Redis - Could not safely identify store assignment for repository candidate interface com.eason.api.zb.dao.RoomCronDao.
2017-12-13 13:55:20,679 - Spring Data Redis - Could not safely identify store assignment for repository candidate interface com.eason.api.zb.dao.RoomConfDao.
2017-12-13 13:55:20,679 - Spring Data Redis - Could not safely identify store assignment for repository candidate interface com.eason.api.zb.dao.MsgNotificationDao.
2017-12-13 13:55:20,680 - Spring Data Redis - Could not safely identify store assignment for repository candidate interface com.eason.api.zb.dao.UserAttentionDao.
2017-12-13 13:55:20,680 - Spring Data Redis - Could not safely identify store assignment for repository candidate interface com.eason.api.zb.dao.UserPersonalDao.
2017-12-13 13:55:20,680 - Spring Data Redis - Could not safely identify store assignment for repository candidate interface com.eason.api.zb.dao.UserTicketDao.
2017-12-13 13:55:20,680 - Spring Data Redis - Could not safely identify store assignment for repository candidate interface com.eason.api.zb.dao.RoomPlanDao.
2017-12-13 13:55:20,680 - Spring Data Redis - Could not safely identify store assignment for repository candidate interface com.eason.api.zb.dao.RoomRecrecordDao.
2017-12-13 13:55:20,680 - Spring Data Redis - Could not safely identify store assignment for repository candidate interface com.eason.api.zb.dao.RoomDao.
2017-12-13 13:55:20,681 - Spring Data Redis - Could not safely identify store assignment for repository candidate interface com.eason.api.zb.dao.GiftListDao.
2017-12-13 13:55:20,681 - Spring Data Redis - Could not safely identify store assignment for repository candidate interface com.eason.api.zb.dao.RoomAttributeDao.
2017-12-13 13:55:20,682 - Spring Data Redis - Could not safely identify store assignment for repository candidate interface com.eason.api.zb.dao.ZhuboDao.
2017-12-13 13:55:20,682 - Spring Data Redis - Could not safely identify store assignment for repository candidate interface com.eason.api.zb.dao.UserBlackDao.
2017-12-13 13:55:20,683 - Spring Data Redis - Could not safely identify store assignment for repository candidate interface com.eason.api.zb.dao.IndexBannerDao.
2017-12-13 13:55:20,683 - Spring Data Redis - Could not safely identify store assignment for repository candidate interface com.eason.api.zb.dao.RoomDeleteLogDao.
2017-12-13 13:55:20,683 - Spring Data Redis - Could not safely identify store assignment for repository candidate interface com.eason.api.zb.dao.RoomTypeSetDao.
2017-12-13 13:55:20,683 - Spring Data Redis - Could not safely identify store assignment for repository candidate interface com.eason.api.zb.dao.UcUserDao.
2017-12-13 13:55:20,684 - Spring Data Redis - Could not safely identify store assignment for repository candidate interface com.eason.api.zb.dao.RoomPlanStatDao.
2017-12-13 13:55:20,762 - BeanFactory id=6cf95cdb-7a5d-3e18-bf9a-2e15289efb6a
2017-12-13 13:55:20,776 - JSR-330 'javax.inject.Inject' annotation found and supported for autowiring
2017-12-13 13:55:20,805 - Bean 'org.springframework.transaction.annotation.ProxyTransactionManagementConfiguration' of type [org.springframework.transaction.annotation.ProxyTransactionManagementConfiguration$$EnhancerBySpringCGLIB$$957fcf41] is not eligible for getting processed by all BeanPostProcessors (for example: not eligible for auto-proxying)
2017-12-13 13:55:20,812 - Bean 'org.springframework.cloud.netflix.metrics.MetricsInterceptorConfiguration$MetricsRestTemplateConfiguration' of type [org.springframework.cloud.netflix.metrics.MetricsInterceptorConfiguration$MetricsRestTemplateConfiguration$$EnhancerBySpringCGLIB$$c7ac7582] is not eligible for getting processed by all BeanPostProcessors (for example: not eligible for auto-proxying)
2017-12-13 13:55:20,814 - Bean 'org.springframework.cloud.autoconfigure.ConfigurationPropertiesRebinderAutoConfiguration' of type [org.springframework.cloud.autoconfigure.ConfigurationPropertiesRebinderAutoConfiguration$$EnhancerBySpringCGLIB$$b199d23e] is not eligible for getting processed by all BeanPostProcessors (for example: not eligible for auto-proxying)
2017-12-13 13:55:20,978 - Starting service [Tomcat]
2017-12-13 13:55:20,978 - Starting Servlet Engine: Apache Tomcat/8.5.23
2017-12-13 13:55:20,996 - Initializing Spring embedded WebApplicationContext
2017-12-13 13:55:21,381 - Building JPA container EntityManagerFactory for persistence unit 'default'
2017-12-13 13:55:21,381 - HHH000204: Processing PersistenceUnitInfo [
	name: default
	...]
2017-12-13 13:55:21,396 - HHH000400: Using dialect: org.hibernate.dialect.MySQL5Dialect
2017-12-13 13:55:21,491 - HHH000397: Using ASTQueryTranslatorFactory
2017-12-13 13:55:21,516 - Initialized JPA EntityManagerFactory for persistence unit 'default'
2017-12-13 13:55:21,669 - Cluster created with settings {hosts=[192.168.0.109:27017], mode=SINGLE, requiredClusterType=UNKNOWN, serverSelectionTimeout='30000 ms', maxWaitQueueSize=500}
2017-12-13 13:55:21,706 - Opened connection [connectionId{localValue:3, serverValue:5133}] to 192.168.0.109:27017
2017-12-13 13:55:21,709 - Monitor thread successfully connected to server with description ServerDescription{address=192.168.0.109:27017, type=STANDALONE, state=CONNECTED, ok=true, version=ServerVersion{versionList=[3, 4, 10]}, minWireVersion=0, maxWireVersion=5, maxDocumentSize=16777216, roundTripTimeNanos=2800640}
2017-12-13 13:55:21,785 - Opened connection [connectionId{localValue:4, serverValue:5134}] to 192.168.0.109:27017
2017-12-13 13:55:23,050 - Cannot determine local hostname
2017-12-13 13:55:23,128 - No URLs will be polled as dynamic configuration sources.
2017-12-13 13:55:23,128 - To enable URLs as dynamic configuration sources, define System property archaius.configurationSource.additionalUrls or make config.properties available on classpath.
2017-12-13 13:55:23,682 - SpringTemplateLoader for FreeMarker: using resource loader [org.springframework.boot.context.embedded.AnnotationConfigEmbeddedWebApplicationContext@1fee5847: startup date [Wed Dec 13 13:55:19 CST 2017]; parent: org.springframework.context.annotation.AnnotationConfigApplicationContext@4811f2c6] and template loader path [classpath:/templates/]
2017-12-13 13:55:23,887 - Registering beans for JMX exposure on startup
2017-12-13 13:55:23,889 - Bean with name 'environmentManager' has been autodetected for JMX exposure
2017-12-13 13:55:23,892 - Bean with name 'configurationPropertiesRebinder' has been autodetected for JMX exposure
2017-12-13 13:55:23,892 - Bean with name 'refreshEndpoint' has been autodetected for JMX exposure
2017-12-13 13:55:23,893 - Bean with name 'restartEndpoint' has been autodetected for JMX exposure
2017-12-13 13:55:23,893 - Bean with name 'serviceRegistryEndpoint' has been autodetected for JMX exposure
2017-12-13 13:55:23,893 - Bean with name 'refreshScope' has been autodetected for JMX exposure
2017-12-13 13:55:23,894 - Located managed bean 'environmentManager': registering with JMX server as MBean [org.springframework.cloud.context.environment:name=environmentManager,type=EnvironmentManager]
2017-12-13 13:55:23,897 - Located managed bean 'restartEndpoint': registering with JMX server as MBean [org.springframework.cloud.context.restart:name=restartEndpoint,type=RestartEndpoint]
2017-12-13 13:55:23,901 - Located managed bean 'serviceRegistryEndpoint': registering with JMX server as MBean [org.springframework.cloud.client.serviceregistry.endpoint:name=serviceRegistryEndpoint,type=ServiceRegistryEndpoint]
2017-12-13 13:55:23,904 - Located managed bean 'refreshScope': registering with JMX server as MBean [org.springframework.cloud.context.scope.refresh:name=refreshScope,type=RefreshScope]
2017-12-13 13:55:23,906 - Located managed bean 'configurationPropertiesRebinder': registering with JMX server as MBean [org.springframework.cloud.context.properties:name=configurationPropertiesRebinder,context=1fee5847,type=ConfigurationPropertiesRebinder]
2017-12-13 13:55:23,909 - Located managed bean 'refreshEndpoint': registering with JMX server as MBean [org.springframework.cloud.endpoint:name=refreshEndpoint,type=RefreshEndpoint]
2017-12-13 13:55:24,243 - Starting beans in phase 0
2017-12-13 13:55:24,244 - Setting initial instance status as: STARTING
2017-12-13 13:55:24,257 - Initializing Eureka in region us-east-1
2017-12-13 13:55:24,259 - Using JSON encoding codec LegacyJacksonJson
2017-12-13 13:55:24,259 - Using JSON decoding codec LegacyJacksonJson
2017-12-13 13:55:24,259 - Using XML encoding codec XStreamXml
2017-12-13 13:55:24,259 - Using XML decoding codec XStreamXml
2017-12-13 13:55:24,334 - Resolving eureka endpoints via configuration
2017-12-13 13:55:24,340 - Disable delta property : false
2017-12-13 13:55:24,340 - Single vip registry refresh property : null
2017-12-13 13:55:24,340 - Force full registry fetch : false
2017-12-13 13:55:24,340 - Application is null : false
2017-12-13 13:55:24,340 - Registered Applications size is zero : true
2017-12-13 13:55:24,340 - Application version is -1: true
2017-12-13 13:55:24,340 - Getting all instance registry info from the eureka server
2017-12-13 13:55:24,343 - The response status is 200
2017-12-13 13:55:24,343 - Starting heartbeat executor: renew interval is: 30
2017-12-13 13:55:24,343 - InstanceInfoReplicator onDemand update allowed rate per min is 4
2017-12-13 13:55:24,344 - Discovery Client initialized at timestamp 1513144524344 with initial instances count: 4
2017-12-13 13:55:24,347 - Registering application service-api-zb-impl with eureka with status UP
2017-12-13 13:55:24,347 - Saw local status change event StatusChangeEvent [timestamp=1513144524347, current=UP, previous=STARTING]
2017-12-13 13:55:24,347 - DiscoveryClient_SERVICE-API-ZB-IMPL/localhost:service-api-zb-impl:8762: registering service...
2017-12-13 13:55:24,350 - DiscoveryClient_SERVICE-API-ZB-IMPL/localhost:service-api-zb-impl:8762 - registration status: 204
2017-12-13 13:55:24,378 - Updating port to 8762
2017-12-13 13:56:44,132 - Closing org.springframework.context.annotation.AnnotationConfigApplicationContext@4811f2c6: startup date [Wed Dec 13 13:55:18 CST 2017]; root of context hierarchy
2017-12-13 13:56:44,134 - Unregistering application service-api-zb-impl with eureka with status DOWN
2017-12-13 13:56:44,134 - Saw local status change event StatusChangeEvent [timestamp=1513144604134, current=DOWN, previous=UP]
2017-12-13 13:56:44,134 - Shutting down DiscoveryClient ...
2017-12-13 13:56:44,134 - DiscoveryClient_SERVICE-API-ZB-IMPL/localhost:service-api-zb-impl:8762: registering service...
2017-12-13 13:56:44,134 - Unregistering ...
2017-12-13 13:56:44,137 - DiscoveryClient_SERVICE-API-ZB-IMPL/localhost:service-api-zb-impl:8762 - deregister  status: 200
2017-12-13 13:56:44,138 - DiscoveryClient_SERVICE-API-ZB-IMPL/localhost:service-api-zb-impl:8762 - registration status: 204
2017-12-13 13:56:44,140 - Completed shut down of DiscoveryClient
2017-12-13 13:56:44,141 - Stopping beans in phase 0
2017-12-13 13:56:44,142 - Invocation of destroy method failed on bean with name 'classPathFileSystemWatcher': java.lang.NullPointerException
2017-12-13 13:56:44,143 - Unregistering JMX-exposed beans on shutdown
2017-12-13 13:56:44,143 - Unregistering JMX-exposed beans
2017-12-13 13:56:44,145 - Closed connection [connectionId{localValue:4, serverValue:5134}] to 192.168.0.109:27017 because the pool has been closed.
2017-12-13 13:56:44,146 - Closing JPA EntityManagerFactory for persistence unit 'default'
2017-12-13 13:56:45,718 - Refreshing org.springframework.context.annotation.AnnotationConfigApplicationContext@726ddb88: startup date [Wed Dec 13 13:56:45 CST 2017]; root of context hierarchy
2017-12-13 13:56:45,739 - JSR-330 'javax.inject.Inject' annotation found and supported for autowiring
2017-12-13 13:56:45,740 - Bean 'configurationPropertiesRebinderAutoConfiguration' of type [org.springframework.cloud.autoconfigure.ConfigurationPropertiesRebinderAutoConfiguration$$EnhancerBySpringCGLIB$$b199d23e] is not eligible for getting processed by all BeanPostProcessors (for example: not eligible for auto-proxying)
2017-12-13 13:56:47,990 - Multiple Spring Data modules found, entering strict repository configuration mode!
2017-12-13 13:56:48,088 - Spring Data JPA - Could not safely identify store assignment for repository candidate interface com.eason.api.zb.dao.RoomCronDao.
2017-12-13 13:56:48,088 - Spring Data JPA - Could not safely identify store assignment for repository candidate interface com.eason.api.zb.dao.RoomConfDao.
2017-12-13 13:56:48,090 - Spring Data JPA - Could not safely identify store assignment for repository candidate interface com.eason.api.zb.dao.UserPersonalDao.
2017-12-13 13:56:48,092 - Spring Data JPA - Could not safely identify store assignment for repository candidate interface com.eason.api.zb.dao.UserTicketDao.
2017-12-13 13:56:48,093 - Spring Data JPA - Could not safely identify store assignment for repository candidate interface com.eason.api.zb.dao.RoomPlanDao.
2017-12-13 13:56:48,119 - Multiple Spring Data modules found, entering strict repository configuration mode!
2017-12-13 13:56:48,170 - Spring Data MongoDB - Could not safely identify store assignment for repository candidate interface com.eason.api.zb.dao.MsgNotificationDao.
2017-12-13 13:56:48,171 - Spring Data MongoDB - Could not safely identify store assignment for repository candidate interface com.eason.api.zb.dao.UserAttentionDao.
2017-12-13 13:56:48,172 - Spring Data MongoDB - Could not safely identify store assignment for repository candidate interface com.eason.api.zb.dao.RoomRecrecordDao.
2017-12-13 13:56:48,173 - Spring Data MongoDB - Could not safely identify store assignment for repository candidate interface com.eason.api.zb.dao.RoomDao.
2017-12-13 13:56:48,173 - Spring Data MongoDB - Could not safely identify store assignment for repository candidate interface com.eason.api.zb.dao.GiftListDao.
2017-12-13 13:56:48,173 - Spring Data MongoDB - Could not safely identify store assignment for repository candidate interface com.eason.api.zb.dao.RoomAttributeDao.
2017-12-13 13:56:48,173 - Spring Data MongoDB - Could not safely identify store assignment for repository candidate interface com.eason.api.zb.dao.ZhuboDao.
2017-12-13 13:56:48,174 - Spring Data MongoDB - Could not safely identify store assignment for repository candidate interface com.eason.api.zb.dao.UserBlackDao.
2017-12-13 13:56:48,174 - Spring Data MongoDB - Could not safely identify store assignment for repository candidate interface com.eason.api.zb.dao.IndexBannerDao.
2017-12-13 13:56:48,176 - Spring Data MongoDB - Could not safely identify store assignment for repository candidate interface com.eason.api.zb.dao.RoomDeleteLogDao.
2017-12-13 13:56:48,176 - Spring Data MongoDB - Could not safely identify store assignment for repository candidate interface com.eason.api.zb.dao.RoomTypeSetDao.
2017-12-13 13:56:48,176 - Spring Data MongoDB - Could not safely identify store assignment for repository candidate interface com.eason.api.zb.dao.UcUserDao.
2017-12-13 13:56:48,176 - Spring Data MongoDB - Could not safely identify store assignment for repository candidate interface com.eason.api.zb.dao.RoomPlanStatDao.
2017-12-13 13:56:48,186 - Multiple Spring Data modules found, entering strict repository configuration mode!
2017-12-13 13:56:48,243 - Spring Data Redis - Could not safely identify store assignment for repository candidate interface com.eason.api.zb.dao.RoomCronDao.
2017-12-13 13:56:48,244 - Spring Data Redis - Could not safely identify store assignment for repository candidate interface com.eason.api.zb.dao.RoomConfDao.
2017-12-13 13:56:48,244 - Spring Data Redis - Could not safely identify store assignment for repository candidate interface com.eason.api.zb.dao.MsgNotificationDao.
2017-12-13 13:56:48,244 - Spring Data Redis - Could not safely identify store assignment for repository candidate interface com.eason.api.zb.dao.UserAttentionDao.
2017-12-13 13:56:48,244 - Spring Data Redis - Could not safely identify store assignment for repository candidate interface com.eason.api.zb.dao.UserPersonalDao.
2017-12-13 13:56:48,245 - Spring Data Redis - Could not safely identify store assignment for repository candidate interface com.eason.api.zb.dao.UserTicketDao.
2017-12-13 13:56:48,245 - Spring Data Redis - Could not safely identify store assignment for repository candidate interface com.eason.api.zb.dao.RoomPlanDao.
2017-12-13 13:56:48,245 - Spring Data Redis - Could not safely identify store assignment for repository candidate interface com.eason.api.zb.dao.RoomRecrecordDao.
2017-12-13 13:56:48,246 - Spring Data Redis - Could not safely identify store assignment for repository candidate interface com.eason.api.zb.dao.RoomDao.
2017-12-13 13:56:48,246 - Spring Data Redis - Could not safely identify store assignment for repository candidate interface com.eason.api.zb.dao.GiftListDao.
2017-12-13 13:56:48,246 - Spring Data Redis - Could not safely identify store assignment for repository candidate interface com.eason.api.zb.dao.RoomAttributeDao.
2017-12-13 13:56:48,248 - Spring Data Redis - Could not safely identify store assignment for repository candidate interface com.eason.api.zb.dao.ZhuboDao.
2017-12-13 13:56:48,248 - Spring Data Redis - Could not safely identify store assignment for repository candidate interface com.eason.api.zb.dao.UserBlackDao.
2017-12-13 13:56:48,249 - Spring Data Redis - Could not safely identify store assignment for repository candidate interface com.eason.api.zb.dao.IndexBannerDao.
2017-12-13 13:56:48,249 - Spring Data Redis - Could not safely identify store assignment for repository candidate interface com.eason.api.zb.dao.RoomDeleteLogDao.
2017-12-13 13:56:48,249 - Spring Data Redis - Could not safely identify store assignment for repository candidate interface com.eason.api.zb.dao.RoomTypeSetDao.
2017-12-13 13:56:48,249 - Spring Data Redis - Could not safely identify store assignment for repository candidate interface com.eason.api.zb.dao.UcUserDao.
2017-12-13 13:56:48,249 - Spring Data Redis - Could not safely identify store assignment for repository candidate interface com.eason.api.zb.dao.RoomPlanStatDao.
2017-12-13 13:56:48,361 - BeanFactory id=6cf95cdb-7a5d-3e18-bf9a-2e15289efb6a
2017-12-13 13:56:48,378 - JSR-330 'javax.inject.Inject' annotation found and supported for autowiring
2017-12-13 13:56:48,424 - Bean 'org.springframework.transaction.annotation.ProxyTransactionManagementConfiguration' of type [org.springframework.transaction.annotation.ProxyTransactionManagementConfiguration$$EnhancerBySpringCGLIB$$957fcf41] is not eligible for getting processed by all BeanPostProcessors (for example: not eligible for auto-proxying)
2017-12-13 13:56:48,427 - Bean 'org.springframework.cloud.netflix.metrics.MetricsInterceptorConfiguration$MetricsRestTemplateConfiguration' of type [org.springframework.cloud.netflix.metrics.MetricsInterceptorConfiguration$MetricsRestTemplateConfiguration$$EnhancerBySpringCGLIB$$c7ac7582] is not eligible for getting processed by all BeanPostProcessors (for example: not eligible for auto-proxying)
2017-12-13 13:56:48,429 - Bean 'org.springframework.cloud.autoconfigure.ConfigurationPropertiesRebinderAutoConfiguration' of type [org.springframework.cloud.autoconfigure.ConfigurationPropertiesRebinderAutoConfiguration$$EnhancerBySpringCGLIB$$b199d23e] is not eligible for getting processed by all BeanPostProcessors (for example: not eligible for auto-proxying)
2017-12-13 13:56:48,580 - Starting service [Tomcat]
2017-12-13 13:56:48,580 - Starting Servlet Engine: Apache Tomcat/8.5.23
2017-12-13 13:56:48,599 - Initializing Spring embedded WebApplicationContext
2017-12-13 13:56:49,018 - Building JPA container EntityManagerFactory for persistence unit 'default'
2017-12-13 13:56:49,018 - HHH000204: Processing PersistenceUnitInfo [
	name: default
	...]
2017-12-13 13:56:49,027 - HHH000400: Using dialect: org.hibernate.dialect.MySQL5Dialect
2017-12-13 13:56:49,091 - HHH000397: Using ASTQueryTranslatorFactory
2017-12-13 13:56:49,107 - Initialized JPA EntityManagerFactory for persistence unit 'default'
2017-12-13 13:56:49,317 - Cluster created with settings {hosts=[192.168.0.109:27017], mode=SINGLE, requiredClusterType=UNKNOWN, serverSelectionTimeout='30000 ms', maxWaitQueueSize=500}
2017-12-13 13:56:49,368 - Opened connection [connectionId{localValue:5, serverValue:5135}] to 192.168.0.109:27017
2017-12-13 13:56:49,369 - Monitor thread successfully connected to server with description ServerDescription{address=192.168.0.109:27017, type=STANDALONE, state=CONNECTED, ok=true, version=ServerVersion{versionList=[3, 4, 10]}, minWireVersion=0, maxWireVersion=5, maxDocumentSize=16777216, roundTripTimeNanos=551254}
2017-12-13 13:56:49,475 - Opened connection [connectionId{localValue:6, serverValue:5136}] to 192.168.0.109:27017
2017-12-13 13:56:50,803 - Cannot determine local hostname
2017-12-13 13:56:50,874 - No URLs will be polled as dynamic configuration sources.
2017-12-13 13:56:50,875 - To enable URLs as dynamic configuration sources, define System property archaius.configurationSource.additionalUrls or make config.properties available on classpath.
2017-12-13 13:56:51,343 - SpringTemplateLoader for FreeMarker: using resource loader [org.springframework.boot.context.embedded.AnnotationConfigEmbeddedWebApplicationContext@54421314: startup date [Wed Dec 13 13:56:46 CST 2017]; parent: org.springframework.context.annotation.AnnotationConfigApplicationContext@726ddb88] and template loader path [classpath:/templates/]
2017-12-13 13:56:51,543 - Registering beans for JMX exposure on startup
2017-12-13 13:56:51,545 - Bean with name 'environmentManager' has been autodetected for JMX exposure
2017-12-13 13:56:51,548 - Bean with name 'configurationPropertiesRebinder' has been autodetected for JMX exposure
2017-12-13 13:56:51,548 - Bean with name 'refreshEndpoint' has been autodetected for JMX exposure
2017-12-13 13:56:51,549 - Bean with name 'restartEndpoint' has been autodetected for JMX exposure
2017-12-13 13:56:51,549 - Bean with name 'serviceRegistryEndpoint' has been autodetected for JMX exposure
2017-12-13 13:56:51,550 - Bean with name 'refreshScope' has been autodetected for JMX exposure
2017-12-13 13:56:51,551 - Located managed bean 'environmentManager': registering with JMX server as MBean [org.springframework.cloud.context.environment:name=environmentManager,type=EnvironmentManager]
2017-12-13 13:56:51,554 - Located managed bean 'restartEndpoint': registering with JMX server as MBean [org.springframework.cloud.context.restart:name=restartEndpoint,type=RestartEndpoint]
2017-12-13 13:56:51,556 - Located managed bean 'serviceRegistryEndpoint': registering with JMX server as MBean [org.springframework.cloud.client.serviceregistry.endpoint:name=serviceRegistryEndpoint,type=ServiceRegistryEndpoint]
2017-12-13 13:56:51,558 - Located managed bean 'refreshScope': registering with JMX server as MBean [org.springframework.cloud.context.scope.refresh:name=refreshScope,type=RefreshScope]
2017-12-13 13:56:51,559 - Located managed bean 'configurationPropertiesRebinder': registering with JMX server as MBean [org.springframework.cloud.context.properties:name=configurationPropertiesRebinder,context=54421314,type=ConfigurationPropertiesRebinder]
2017-12-13 13:56:51,562 - Located managed bean 'refreshEndpoint': registering with JMX server as MBean [org.springframework.cloud.endpoint:name=refreshEndpoint,type=RefreshEndpoint]
2017-12-13 13:56:51,880 - Starting beans in phase 0
2017-12-13 13:56:51,881 - Setting initial instance status as: STARTING
2017-12-13 13:56:51,893 - Initializing Eureka in region us-east-1
2017-12-13 13:56:51,894 - Using JSON encoding codec LegacyJacksonJson
2017-12-13 13:56:51,894 - Using JSON decoding codec LegacyJacksonJson
2017-12-13 13:56:51,894 - Using XML encoding codec XStreamXml
2017-12-13 13:56:51,894 - Using XML decoding codec XStreamXml
2017-12-13 13:56:51,961 - Resolving eureka endpoints via configuration
2017-12-13 13:56:51,963 - Disable delta property : false
2017-12-13 13:56:51,963 - Single vip registry refresh property : null
2017-12-13 13:56:51,963 - Force full registry fetch : false
2017-12-13 13:56:51,963 - Application is null : false
2017-12-13 13:56:51,963 - Registered Applications size is zero : true
2017-12-13 13:56:51,963 - Application version is -1: true
2017-12-13 13:56:51,963 - Getting all instance registry info from the eureka server
2017-12-13 13:56:51,966 - The response status is 200
2017-12-13 13:56:51,966 - Starting heartbeat executor: renew interval is: 30
2017-12-13 13:56:51,966 - InstanceInfoReplicator onDemand update allowed rate per min is 4
2017-12-13 13:56:51,967 - Discovery Client initialized at timestamp 1513144611967 with initial instances count: 4
2017-12-13 13:56:51,969 - Registering application service-api-zb-impl with eureka with status UP
2017-12-13 13:56:51,969 - Saw local status change event StatusChangeEvent [timestamp=1513144611969, current=UP, previous=STARTING]
2017-12-13 13:56:51,970 - DiscoveryClient_SERVICE-API-ZB-IMPL/localhost:service-api-zb-impl:8762: registering service...
2017-12-13 13:56:51,973 - DiscoveryClient_SERVICE-API-ZB-IMPL/localhost:service-api-zb-impl:8762 - registration status: 204
2017-12-13 13:56:51,999 - Updating port to 8762
2017-12-13 14:01:51,981 - Resolving eureka endpoints via configuration
2017-12-13 14:06:51,982 - Resolving eureka endpoints via configuration
2017-12-13 14:11:51,985 - Resolving eureka endpoints via configuration
2017-12-13 14:16:51,987 - Resolving eureka endpoints via configuration
2017-12-13 14:21:51,990 - Resolving eureka endpoints via configuration
2017-12-13 14:26:51,992 - Resolving eureka endpoints via configuration
2017-12-13 14:31:51,994 - Resolving eureka endpoints via configuration
2017-12-13 14:36:52,000 - Resolving eureka endpoints via configuration
2017-12-13 14:41:52,002 - Resolving eureka endpoints via configuration
2017-12-13 14:46:52,002 - Resolving eureka endpoints via configuration
2017-12-13 14:51:52,004 - Resolving eureka endpoints via configuration
2017-12-13 14:52:27,189 - Closing org.springframework.context.annotation.AnnotationConfigApplicationContext@726ddb88: startup date [Wed Dec 13 13:56:45 CST 2017]; root of context hierarchy
2017-12-13 14:52:27,194 - Unregistering application service-api-zb-impl with eureka with status DOWN
2017-12-13 14:52:27,195 - Saw local status change event StatusChangeEvent [timestamp=1513147947195, current=DOWN, previous=UP]
2017-12-13 14:52:27,196 - DiscoveryClient_SERVICE-API-ZB-IMPL/localhost:service-api-zb-impl:8762: registering service...
2017-12-13 14:52:27,196 - Shutting down DiscoveryClient ...
2017-12-13 14:52:27,199 - Unregistering ...
2017-12-13 14:52:27,202 - DiscoveryClient_SERVICE-API-ZB-IMPL/localhost:service-api-zb-impl:8762 - deregister  status: 200
2017-12-13 14:52:27,205 - Completed shut down of DiscoveryClient
2017-12-13 14:52:27,208 - DiscoveryClient_SERVICE-API-ZB-IMPL/localhost:service-api-zb-impl:8762 - registration status: 204
2017-12-13 14:52:27,215 - Stopping beans in phase 0
2017-12-13 14:52:27,216 - Invocation of destroy method failed on bean with name 'classPathFileSystemWatcher': java.lang.NullPointerException
2017-12-13 14:52:27,217 - Unregistering JMX-exposed beans on shutdown
2017-12-13 14:52:27,218 - Unregistering JMX-exposed beans
2017-12-13 14:52:27,222 - Closed connection [connectionId{localValue:6, serverValue:5136}] to 192.168.0.109:27017 because the pool has been closed.
2017-12-13 14:52:27,225 - Closing JPA EntityManagerFactory for persistence unit 'default'
2017-12-13 14:52:28,859 - Refreshing org.springframework.context.annotation.AnnotationConfigApplicationContext@559fd448: startup date [Wed Dec 13 14:52:28 CST 2017]; root of context hierarchy
2017-12-13 14:52:28,877 - JSR-330 'javax.inject.Inject' annotation found and supported for autowiring
2017-12-13 14:52:28,878 - Bean 'configurationPropertiesRebinderAutoConfiguration' of type [org.springframework.cloud.autoconfigure.ConfigurationPropertiesRebinderAutoConfiguration$$EnhancerBySpringCGLIB$$b199d23e] is not eligible for getting processed by all BeanPostProcessors (for example: not eligible for auto-proxying)
2017-12-13 14:52:30,950 - Multiple Spring Data modules found, entering strict repository configuration mode!
2017-12-13 14:52:30,989 - Spring Data JPA - Could not safely identify store assignment for repository candidate interface com.eason.api.zb.dao.RoomCronDao.
2017-12-13 14:52:30,989 - Spring Data JPA - Could not safely identify store assignment for repository candidate interface com.eason.api.zb.dao.RoomConfDao.
2017-12-13 14:52:30,991 - Spring Data JPA - Could not safely identify store assignment for repository candidate interface com.eason.api.zb.dao.UserPersonalDao.
2017-12-13 14:52:30,992 - Spring Data JPA - Could not safely identify store assignment for repository candidate interface com.eason.api.zb.dao.UserTicketDao.
2017-12-13 14:52:30,993 - Spring Data JPA - Could not safely identify store assignment for repository candidate interface com.eason.api.zb.dao.RoomPlanDao.
2017-12-13 14:52:31,008 - Multiple Spring Data modules found, entering strict repository configuration mode!
2017-12-13 14:52:31,061 - Spring Data MongoDB - Could not safely identify store assignment for repository candidate interface com.eason.api.zb.dao.MsgNotificationDao.
2017-12-13 14:52:31,062 - Spring Data MongoDB - Could not safely identify store assignment for repository candidate interface com.eason.api.zb.dao.UserAttentionDao.
2017-12-13 14:52:31,063 - Spring Data MongoDB - Could not safely identify store assignment for repository candidate interface com.eason.api.zb.dao.RoomRecrecordDao.
2017-12-13 14:52:31,063 - Spring Data MongoDB - Could not safely identify store assignment for repository candidate interface com.eason.api.zb.dao.RoomDao.
2017-12-13 14:52:31,063 - Spring Data MongoDB - Could not safely identify store assignment for repository candidate interface com.eason.api.zb.dao.GiftListDao.
2017-12-13 14:52:31,063 - Spring Data MongoDB - Could not safely identify store assignment for repository candidate interface com.eason.api.zb.dao.RoomAttributeDao.
2017-12-13 14:52:31,063 - Spring Data MongoDB - Could not safely identify store assignment for repository candidate interface com.eason.api.zb.dao.ZhuboDao.
2017-12-13 14:52:31,064 - Spring Data MongoDB - Could not safely identify store assignment for repository candidate interface com.eason.api.zb.dao.UserBlackDao.
2017-12-13 14:52:31,064 - Spring Data MongoDB - Could not safely identify store assignment for repository candidate interface com.eason.api.zb.dao.IndexBannerDao.
2017-12-13 14:52:31,065 - Spring Data MongoDB - Could not safely identify store assignment for repository candidate interface com.eason.api.zb.dao.RoomDeleteLogDao.
2017-12-13 14:52:31,066 - Spring Data MongoDB - Could not safely identify store assignment for repository candidate interface com.eason.api.zb.dao.RoomTypeSetDao.
2017-12-13 14:52:31,066 - Spring Data MongoDB - Could not safely identify store assignment for repository candidate interface com.eason.api.zb.dao.UcUserDao.
2017-12-13 14:52:31,066 - Spring Data MongoDB - Could not safely identify store assignment for repository candidate interface com.eason.api.zb.dao.RoomPlanStatDao.
2017-12-13 14:52:31,077 - Multiple Spring Data modules found, entering strict repository configuration mode!
2017-12-13 14:52:31,120 - Spring Data Redis - Could not safely identify store assignment for repository candidate interface com.eason.api.zb.dao.RoomCronDao.
2017-12-13 14:52:31,120 - Spring Data Redis - Could not safely identify store assignment for repository candidate interface com.eason.api.zb.dao.RoomConfDao.
2017-12-13 14:52:31,120 - Spring Data Redis - Could not safely identify store assignment for repository candidate interface com.eason.api.zb.dao.MsgNotificationDao.
2017-12-13 14:52:31,120 - Spring Data Redis - Could not safely identify store assignment for repository candidate interface com.eason.api.zb.dao.UserAttentionDao.
2017-12-13 14:52:31,121 - Spring Data Redis - Could not safely identify store assignment for repository candidate interface com.eason.api.zb.dao.UserPersonalDao.
2017-12-13 14:52:31,121 - Spring Data Redis - Could not safely identify store assignment for repository candidate interface com.eason.api.zb.dao.UserTicketDao.
2017-12-13 14:52:31,121 - Spring Data Redis - Could not safely identify store assignment for repository candidate interface com.eason.api.zb.dao.RoomPlanDao.
2017-12-13 14:52:31,121 - Spring Data Redis - Could not safely identify store assignment for repository candidate interface com.eason.api.zb.dao.RoomRecrecordDao.
2017-12-13 14:52:31,121 - Spring Data Redis - Could not safely identify store assignment for repository candidate interface com.eason.api.zb.dao.RoomDao.
2017-12-13 14:52:31,125 - Spring Data Redis - Could not safely identify store assignment for repository candidate interface com.eason.api.zb.dao.GiftListDao.
2017-12-13 14:52:31,125 - Spring Data Redis - Could not safely identify store assignment for repository candidate interface com.eason.api.zb.dao.RoomAttributeDao.
2017-12-13 14:52:31,126 - Spring Data Redis - Could not safely identify store assignment for repository candidate interface com.eason.api.zb.dao.ZhuboDao.
2017-12-13 14:52:31,126 - Spring Data Redis - Could not safely identify store assignment for repository candidate interface com.eason.api.zb.dao.UserBlackDao.
2017-12-13 14:52:31,126 - Spring Data Redis - Could not safely identify store assignment for repository candidate interface com.eason.api.zb.dao.IndexBannerDao.
2017-12-13 14:52:31,126 - Spring Data Redis - Could not safely identify store assignment for repository candidate interface com.eason.api.zb.dao.RoomDeleteLogDao.
2017-12-13 14:52:31,126 - Spring Data Redis - Could not safely identify store assignment for repository candidate interface com.eason.api.zb.dao.RoomTypeSetDao.
2017-12-13 14:52:31,126 - Spring Data Redis - Could not safely identify store assignment for repository candidate interface com.eason.api.zb.dao.UcUserDao.
2017-12-13 14:52:31,126 - Spring Data Redis - Could not safely identify store assignment for repository candidate interface com.eason.api.zb.dao.RoomPlanStatDao.
2017-12-13 14:52:31,188 - BeanFactory id=6cf95cdb-7a5d-3e18-bf9a-2e15289efb6a
2017-12-13 14:52:31,198 - JSR-330 'javax.inject.Inject' annotation found and supported for autowiring
2017-12-13 14:52:31,217 - Bean 'org.springframework.transaction.annotation.ProxyTransactionManagementConfiguration' of type [org.springframework.transaction.annotation.ProxyTransactionManagementConfiguration$$EnhancerBySpringCGLIB$$957fcf41] is not eligible for getting processed by all BeanPostProcessors (for example: not eligible for auto-proxying)
2017-12-13 14:52:31,221 - Bean 'org.springframework.cloud.netflix.metrics.MetricsInterceptorConfiguration$MetricsRestTemplateConfiguration' of type [org.springframework.cloud.netflix.metrics.MetricsInterceptorConfiguration$MetricsRestTemplateConfiguration$$EnhancerBySpringCGLIB$$c7ac7582] is not eligible for getting processed by all BeanPostProcessors (for example: not eligible for auto-proxying)
2017-12-13 14:52:31,222 - Bean 'org.springframework.cloud.autoconfigure.ConfigurationPropertiesRebinderAutoConfiguration' of type [org.springframework.cloud.autoconfigure.ConfigurationPropertiesRebinderAutoConfiguration$$EnhancerBySpringCGLIB$$b199d23e] is not eligible for getting processed by all BeanPostProcessors (for example: not eligible for auto-proxying)
2017-12-13 14:52:31,323 - Starting service [Tomcat]
2017-12-13 14:52:31,323 - Starting Servlet Engine: Apache Tomcat/8.5.23
2017-12-13 14:52:31,345 - Initializing Spring embedded WebApplicationContext
2017-12-13 14:52:31,608 - Building JPA container EntityManagerFactory for persistence unit 'default'
2017-12-13 14:52:31,608 - HHH000204: Processing PersistenceUnitInfo [
	name: default
	...]
2017-12-13 14:52:31,618 - HHH000400: Using dialect: org.hibernate.dialect.MySQL5Dialect
2017-12-13 14:52:31,682 - HHH000397: Using ASTQueryTranslatorFactory
2017-12-13 14:52:31,697 - Initialized JPA EntityManagerFactory for persistence unit 'default'
2017-12-13 14:52:31,818 - Cluster created with settings {hosts=[192.168.0.109:27017], mode=SINGLE, requiredClusterType=UNKNOWN, serverSelectionTimeout='30000 ms', maxWaitQueueSize=500}
2017-12-13 14:52:31,843 - Opened connection [connectionId{localValue:7, serverValue:5143}] to 192.168.0.109:27017
2017-12-13 14:52:31,843 - Monitor thread successfully connected to server with description ServerDescription{address=192.168.0.109:27017, type=STANDALONE, state=CONNECTED, ok=true, version=ServerVersion{versionList=[3, 4, 10]}, minWireVersion=0, maxWireVersion=5, maxDocumentSize=16777216, roundTripTimeNanos=499484}
2017-12-13 14:52:31,893 - Opened connection [connectionId{localValue:8, serverValue:5144}] to 192.168.0.109:27017
2017-12-13 14:52:33,119 - Cannot determine local hostname
2017-12-13 14:52:33,232 - No URLs will be polled as dynamic configuration sources.
2017-12-13 14:52:33,233 - To enable URLs as dynamic configuration sources, define System property archaius.configurationSource.additionalUrls or make config.properties available on classpath.
2017-12-13 14:52:33,622 - SpringTemplateLoader for FreeMarker: using resource loader [org.springframework.boot.context.embedded.AnnotationConfigEmbeddedWebApplicationContext@623a617b: startup date [Wed Dec 13 14:52:30 CST 2017]; parent: org.springframework.context.annotation.AnnotationConfigApplicationContext@559fd448] and template loader path [classpath:/templates/]
2017-12-13 14:52:33,806 - Registering beans for JMX exposure on startup
2017-12-13 14:52:33,808 - Bean with name 'environmentManager' has been autodetected for JMX exposure
2017-12-13 14:52:33,810 - Bean with name 'configurationPropertiesRebinder' has been autodetected for JMX exposure
2017-12-13 14:52:33,810 - Bean with name 'refreshEndpoint' has been autodetected for JMX exposure
2017-12-13 14:52:33,811 - Bean with name 'restartEndpoint' has been autodetected for JMX exposure
2017-12-13 14:52:33,812 - Bean with name 'serviceRegistryEndpoint' has been autodetected for JMX exposure
2017-12-13 14:52:33,812 - Bean with name 'refreshScope' has been autodetected for JMX exposure
2017-12-13 14:52:33,813 - Located managed bean 'environmentManager': registering with JMX server as MBean [org.springframework.cloud.context.environment:name=environmentManager,type=EnvironmentManager]
2017-12-13 14:52:33,814 - Located managed bean 'restartEndpoint': registering with JMX server as MBean [org.springframework.cloud.context.restart:name=restartEndpoint,type=RestartEndpoint]
2017-12-13 14:52:33,816 - Located managed bean 'serviceRegistryEndpoint': registering with JMX server as MBean [org.springframework.cloud.client.serviceregistry.endpoint:name=serviceRegistryEndpoint,type=ServiceRegistryEndpoint]
2017-12-13 14:52:33,818 - Located managed bean 'refreshScope': registering with JMX server as MBean [org.springframework.cloud.context.scope.refresh:name=refreshScope,type=RefreshScope]
2017-12-13 14:52:33,820 - Located managed bean 'configurationPropertiesRebinder': registering with JMX server as MBean [org.springframework.cloud.context.properties:name=configurationPropertiesRebinder,context=623a617b,type=ConfigurationPropertiesRebinder]
2017-12-13 14:52:33,821 - Located managed bean 'refreshEndpoint': registering with JMX server as MBean [org.springframework.cloud.endpoint:name=refreshEndpoint,type=RefreshEndpoint]
2017-12-13 14:52:34,114 - Starting beans in phase 0
2017-12-13 14:52:34,116 - Setting initial instance status as: STARTING
2017-12-13 14:52:34,127 - Initializing Eureka in region us-east-1
2017-12-13 14:52:34,128 - Using JSON encoding codec LegacyJacksonJson
2017-12-13 14:52:34,128 - Using JSON decoding codec LegacyJacksonJson
2017-12-13 14:52:34,128 - Using XML encoding codec XStreamXml
2017-12-13 14:52:34,128 - Using XML decoding codec XStreamXml
2017-12-13 14:52:34,195 - Resolving eureka endpoints via configuration
2017-12-13 14:52:34,196 - Disable delta property : false
2017-12-13 14:52:34,196 - Single vip registry refresh property : null
2017-12-13 14:52:34,196 - Force full registry fetch : false
2017-12-13 14:52:34,196 - Application is null : false
2017-12-13 14:52:34,196 - Registered Applications size is zero : true
2017-12-13 14:52:34,196 - Application version is -1: true
2017-12-13 14:52:34,196 - Getting all instance registry info from the eureka server
2017-12-13 14:52:34,198 - The response status is 200
2017-12-13 14:52:34,199 - Starting heartbeat executor: renew interval is: 30
2017-12-13 14:52:34,199 - InstanceInfoReplicator onDemand update allowed rate per min is 4
2017-12-13 14:52:34,201 - Discovery Client initialized at timestamp 1513147954201 with initial instances count: 4
2017-12-13 14:52:34,203 - Registering application service-api-zb-impl with eureka with status UP
2017-12-13 14:52:34,203 - Saw local status change event StatusChangeEvent [timestamp=1513147954203, current=UP, previous=STARTING]
2017-12-13 14:52:34,203 - DiscoveryClient_SERVICE-API-ZB-IMPL/localhost:service-api-zb-impl:8762: registering service...
2017-12-13 14:52:34,206 - DiscoveryClient_SERVICE-API-ZB-IMPL/localhost:service-api-zb-impl:8762 - registration status: 204
2017-12-13 14:52:34,231 - Updating port to 8762
2017-12-13 14:52:51,233 - Closing org.springframework.context.annotation.AnnotationConfigApplicationContext@559fd448: startup date [Wed Dec 13 14:52:28 CST 2017]; root of context hierarchy
2017-12-13 14:52:51,235 - Unregistering application service-api-zb-impl with eureka with status DOWN
2017-12-13 14:52:51,235 - Saw local status change event StatusChangeEvent [timestamp=1513147971235, current=DOWN, previous=UP]
2017-12-13 14:52:51,235 - Shutting down DiscoveryClient ...
2017-12-13 14:52:51,235 - DiscoveryClient_SERVICE-API-ZB-IMPL/localhost:service-api-zb-impl:8762: registering service...
2017-12-13 14:52:51,235 - Unregistering ...
2017-12-13 14:52:51,237 - DiscoveryClient_SERVICE-API-ZB-IMPL/localhost:service-api-zb-impl:8762 - deregister  status: 200
2017-12-13 14:52:51,238 - DiscoveryClient_SERVICE-API-ZB-IMPL/localhost:service-api-zb-impl:8762 - registration status: 204
2017-12-13 14:52:51,239 - Completed shut down of DiscoveryClient
2017-12-13 14:52:51,241 - Stopping beans in phase 0
2017-12-13 14:52:51,241 - Invocation of destroy method failed on bean with name 'classPathFileSystemWatcher': java.lang.NullPointerException
2017-12-13 14:52:51,242 - Unregistering JMX-exposed beans on shutdown
2017-12-13 14:52:51,242 - Unregistering JMX-exposed beans
2017-12-13 14:52:51,244 - Closed connection [connectionId{localValue:8, serverValue:5144}] to 192.168.0.109:27017 because the pool has been closed.
2017-12-13 14:52:51,245 - Closing JPA EntityManagerFactory for persistence unit 'default'
2017-12-13 14:52:52,826 - Refreshing org.springframework.context.annotation.AnnotationConfigApplicationContext@5beeab9: startup date [Wed Dec 13 14:52:52 CST 2017]; root of context hierarchy
2017-12-13 14:52:52,840 - JSR-330 'javax.inject.Inject' annotation found and supported for autowiring
2017-12-13 14:52:52,841 - Bean 'configurationPropertiesRebinderAutoConfiguration' of type [org.springframework.cloud.autoconfigure.ConfigurationPropertiesRebinderAutoConfiguration$$EnhancerBySpringCGLIB$$b199d23e] is not eligible for getting processed by all BeanPostProcessors (for example: not eligible for auto-proxying)
2017-12-13 14:52:55,241 - Multiple Spring Data modules found, entering strict repository configuration mode!
2017-12-13 14:52:55,278 - Spring Data JPA - Could not safely identify store assignment for repository candidate interface com.eason.api.zb.dao.RoomCronDao.
2017-12-13 14:52:55,279 - Spring Data JPA - Could not safely identify store assignment for repository candidate interface com.eason.api.zb.dao.RoomConfDao.
2017-12-13 14:52:55,281 - Spring Data JPA - Could not safely identify store assignment for repository candidate interface com.eason.api.zb.dao.UserPersonalDao.
2017-12-13 14:52:55,282 - Spring Data JPA - Could not safely identify store assignment for repository candidate interface com.eason.api.zb.dao.UserTicketDao.
2017-12-13 14:52:55,283 - Spring Data JPA - Could not safely identify store assignment for repository candidate interface com.eason.api.zb.dao.RoomPlanDao.
2017-12-13 14:52:55,305 - Multiple Spring Data modules found, entering strict repository configuration mode!
2017-12-13 14:52:55,341 - Spring Data MongoDB - Could not safely identify store assignment for repository candidate interface com.eason.api.zb.dao.MsgNotificationDao.
2017-12-13 14:52:55,342 - Spring Data MongoDB - Could not safely identify store assignment for repository candidate interface com.eason.api.zb.dao.UserAttentionDao.
2017-12-13 14:52:55,342 - Spring Data MongoDB - Could not safely identify store assignment for repository candidate interface com.eason.api.zb.dao.RoomRecrecordDao.
2017-12-13 14:52:56,185 - Spring Data MongoDB - Could not safely identify store assignment for repository candidate interface com.eason.api.zb.dao.RoomDao.
2017-12-13 14:52:56,185 - Spring Data MongoDB - Could not safely identify store assignment for repository candidate interface com.eason.api.zb.dao.GiftListDao.
2017-12-13 14:52:56,188 - Spring Data MongoDB - Could not safely identify store assignment for repository candidate interface com.eason.api.zb.dao.RoomAttributeDao.
2017-12-13 14:52:56,188 - Spring Data MongoDB - Could not safely identify store assignment for repository candidate interface com.eason.api.zb.dao.ZhuboDao.
2017-12-13 14:52:56,188 - Spring Data MongoDB - Could not safely identify store assignment for repository candidate interface com.eason.api.zb.dao.UserBlackDao.
2017-12-13 14:52:56,188 - Spring Data MongoDB - Could not safely identify store assignment for repository candidate interface com.eason.api.zb.dao.IndexBannerDao.
2017-12-13 14:52:56,189 - Spring Data MongoDB - Could not safely identify store assignment for repository candidate interface com.eason.api.zb.dao.RoomDeleteLogDao.
2017-12-13 14:52:56,190 - Spring Data MongoDB - Could not safely identify store assignment for repository candidate interface com.eason.api.zb.dao.RoomTypeSetDao.
2017-12-13 14:52:56,190 - Spring Data MongoDB - Could not safely identify store assignment for repository candidate interface com.eason.api.zb.dao.UcUserDao.
2017-12-13 14:52:56,190 - Spring Data MongoDB - Could not safely identify store assignment for repository candidate interface com.eason.api.zb.dao.RoomPlanStatDao.
2017-12-13 14:52:56,200 - Multiple Spring Data modules found, entering strict repository configuration mode!
2017-12-13 14:52:56,260 - Spring Data Redis - Could not safely identify store assignment for repository candidate interface com.eason.api.zb.dao.RoomCronDao.
2017-12-13 14:52:56,260 - Spring Data Redis - Could not safely identify store assignment for repository candidate interface com.eason.api.zb.dao.RoomConfDao.
2017-12-13 14:52:56,260 - Spring Data Redis - Could not safely identify store assignment for repository candidate interface com.eason.api.zb.dao.MsgNotificationDao.
2017-12-13 14:52:56,261 - Spring Data Redis - Could not safely identify store assignment for repository candidate interface com.eason.api.zb.dao.UserAttentionDao.
2017-12-13 14:52:56,261 - Spring Data Redis - Could not safely identify store assignment for repository candidate interface com.eason.api.zb.dao.UserPersonalDao.
2017-12-13 14:52:56,261 - Spring Data Redis - Could not safely identify store assignment for repository candidate interface com.eason.api.zb.dao.UserTicketDao.
2017-12-13 14:52:56,261 - Spring Data Redis - Could not safely identify store assignment for repository candidate interface com.eason.api.zb.dao.RoomPlanDao.
2017-12-13 14:52:56,262 - Spring Data Redis - Could not safely identify store assignment for repository candidate interface com.eason.api.zb.dao.RoomRecrecordDao.
2017-12-13 14:52:56,262 - Spring Data Redis - Could not safely identify store assignment for repository candidate interface com.eason.api.zb.dao.RoomDao.
2017-12-13 14:52:56,266 - Spring Data Redis - Could not safely identify store assignment for repository candidate interface com.eason.api.zb.dao.GiftListDao.
2017-12-13 14:52:56,267 - Spring Data Redis - Could not safely identify store assignment for repository candidate interface com.eason.api.zb.dao.RoomAttributeDao.
2017-12-13 14:52:56,268 - Spring Data Redis - Could not safely identify store assignment for repository candidate interface com.eason.api.zb.dao.ZhuboDao.
2017-12-13 14:52:56,268 - Spring Data Redis - Could not safely identify store assignment for repository candidate interface com.eason.api.zb.dao.UserBlackDao.
2017-12-13 14:52:56,268 - Spring Data Redis - Could not safely identify store assignment for repository candidate interface com.eason.api.zb.dao.IndexBannerDao.
2017-12-13 14:52:56,268 - Spring Data Redis - Could not safely identify store assignment for repository candidate interface com.eason.api.zb.dao.RoomDeleteLogDao.
2017-12-13 14:52:56,269 - Spring Data Redis - Could not safely identify store assignment for repository candidate interface com.eason.api.zb.dao.RoomTypeSetDao.
2017-12-13 14:52:56,269 - Spring Data Redis - Could not safely identify store assignment for repository candidate interface com.eason.api.zb.dao.UcUserDao.
2017-12-13 14:52:56,269 - Spring Data Redis - Could not safely identify store assignment for repository candidate interface com.eason.api.zb.dao.RoomPlanStatDao.
2017-12-13 14:52:56,372 - BeanFactory id=6cf95cdb-7a5d-3e18-bf9a-2e15289efb6a
2017-12-13 14:52:56,383 - JSR-330 'javax.inject.Inject' annotation found and supported for autowiring
2017-12-13 14:52:56,411 - Bean 'org.springframework.transaction.annotation.ProxyTransactionManagementConfiguration' of type [org.springframework.transaction.annotation.ProxyTransactionManagementConfiguration$$EnhancerBySpringCGLIB$$957fcf41] is not eligible for getting processed by all BeanPostProcessors (for example: not eligible for auto-proxying)
2017-12-13 14:52:56,416 - Bean 'org.springframework.cloud.netflix.metrics.MetricsInterceptorConfiguration$MetricsRestTemplateConfiguration' of type [org.springframework.cloud.netflix.metrics.MetricsInterceptorConfiguration$MetricsRestTemplateConfiguration$$EnhancerBySpringCGLIB$$c7ac7582] is not eligible for getting processed by all BeanPostProcessors (for example: not eligible for auto-proxying)
2017-12-13 14:52:56,418 - Bean 'org.springframework.cloud.autoconfigure.ConfigurationPropertiesRebinderAutoConfiguration' of type [org.springframework.cloud.autoconfigure.ConfigurationPropertiesRebinderAutoConfiguration$$EnhancerBySpringCGLIB$$b199d23e] is not eligible for getting processed by all BeanPostProcessors (for example: not eligible for auto-proxying)
2017-12-13 14:52:56,551 - Starting service [Tomcat]
2017-12-13 14:52:56,551 - Starting Servlet Engine: Apache Tomcat/8.5.23
2017-12-13 14:52:56,565 - Initializing Spring embedded WebApplicationContext
2017-12-13 14:52:57,084 - Building JPA container EntityManagerFactory for persistence unit 'default'
2017-12-13 14:52:57,085 - HHH000204: Processing PersistenceUnitInfo [
	name: default
	...]
2017-12-13 14:52:57,099 - HHH000400: Using dialect: org.hibernate.dialect.MySQL5Dialect
2017-12-13 14:52:57,230 - HHH000397: Using ASTQueryTranslatorFactory
2017-12-13 14:52:57,318 - Initialized JPA EntityManagerFactory for persistence unit 'default'
2017-12-13 14:52:57,710 - Cluster created with settings {hosts=[192.168.0.109:27017], mode=SINGLE, requiredClusterType=UNKNOWN, serverSelectionTimeout='30000 ms', maxWaitQueueSize=500}
2017-12-13 14:52:57,764 - Opened connection [connectionId{localValue:9, serverValue:5145}] to 192.168.0.109:27017
2017-12-13 14:52:57,765 - Monitor thread successfully connected to server with description ServerDescription{address=192.168.0.109:27017, type=STANDALONE, state=CONNECTED, ok=true, version=ServerVersion{versionList=[3, 4, 10]}, minWireVersion=0, maxWireVersion=5, maxDocumentSize=16777216, roundTripTimeNanos=1084302}
2017-12-13 14:52:57,827 - Opened connection [connectionId{localValue:10, serverValue:5146}] to 192.168.0.109:27017
2017-12-13 14:52:59,070 - Cannot determine local hostname
2017-12-13 14:52:59,150 - No URLs will be polled as dynamic configuration sources.
2017-12-13 14:52:59,150 - To enable URLs as dynamic configuration sources, define System property archaius.configurationSource.additionalUrls or make config.properties available on classpath.
2017-12-13 14:52:59,544 - SpringTemplateLoader for FreeMarker: using resource loader [org.springframework.boot.context.embedded.AnnotationConfigEmbeddedWebApplicationContext@29f373ef: startup date [Wed Dec 13 14:52:53 CST 2017]; parent: org.springframework.context.annotation.AnnotationConfigApplicationContext@5beeab9] and template loader path [classpath:/templates/]
2017-12-13 14:52:59,735 - Registering beans for JMX exposure on startup
2017-12-13 14:52:59,738 - Bean with name 'environmentManager' has been autodetected for JMX exposure
2017-12-13 14:52:59,740 - Bean with name 'configurationPropertiesRebinder' has been autodetected for JMX exposure
2017-12-13 14:52:59,740 - Bean with name 'refreshEndpoint' has been autodetected for JMX exposure
2017-12-13 14:52:59,741 - Bean with name 'restartEndpoint' has been autodetected for JMX exposure
2017-12-13 14:52:59,741 - Bean with name 'serviceRegistryEndpoint' has been autodetected for JMX exposure
2017-12-13 14:52:59,741 - Bean with name 'refreshScope' has been autodetected for JMX exposure
2017-12-13 14:52:59,742 - Located managed bean 'environmentManager': registering with JMX server as MBean [org.springframework.cloud.context.environment:name=environmentManager,type=EnvironmentManager]
2017-12-13 14:52:59,745 - Located managed bean 'restartEndpoint': registering with JMX server as MBean [org.springframework.cloud.context.restart:name=restartEndpoint,type=RestartEndpoint]
2017-12-13 14:52:59,748 - Located managed bean 'serviceRegistryEndpoint': registering with JMX server as MBean [org.springframework.cloud.client.serviceregistry.endpoint:name=serviceRegistryEndpoint,type=ServiceRegistryEndpoint]
2017-12-13 14:52:59,750 - Located managed bean 'refreshScope': registering with JMX server as MBean [org.springframework.cloud.context.scope.refresh:name=refreshScope,type=RefreshScope]
2017-12-13 14:52:59,752 - Located managed bean 'configurationPropertiesRebinder': registering with JMX server as MBean [org.springframework.cloud.context.properties:name=configurationPropertiesRebinder,context=29f373ef,type=ConfigurationPropertiesRebinder]
2017-12-13 14:52:59,755 - Located managed bean 'refreshEndpoint': registering with JMX server as MBean [org.springframework.cloud.endpoint:name=refreshEndpoint,type=RefreshEndpoint]
2017-12-13 14:53:00,088 - Starting beans in phase 0
2017-12-13 14:53:00,090 - Setting initial instance status as: STARTING
2017-12-13 14:53:00,096 - Initializing Eureka in region us-east-1
2017-12-13 14:53:00,097 - Using JSON encoding codec LegacyJacksonJson
2017-12-13 14:53:00,098 - Using JSON decoding codec LegacyJacksonJson
2017-12-13 14:53:00,098 - Using XML encoding codec XStreamXml
2017-12-13 14:53:00,098 - Using XML decoding codec XStreamXml
2017-12-13 14:53:00,172 - Resolving eureka endpoints via configuration
2017-12-13 14:53:00,172 - Disable delta property : false
2017-12-13 14:53:00,172 - Single vip registry refresh property : null
2017-12-13 14:53:00,172 - Force full registry fetch : false
2017-12-13 14:53:00,172 - Application is null : false
2017-12-13 14:53:00,172 - Registered Applications size is zero : true
2017-12-13 14:53:00,172 - Application version is -1: true
2017-12-13 14:53:00,172 - Getting all instance registry info from the eureka server
2017-12-13 14:53:00,174 - The response status is 200
2017-12-13 14:53:00,174 - Starting heartbeat executor: renew interval is: 30
2017-12-13 14:53:00,174 - InstanceInfoReplicator onDemand update allowed rate per min is 4
2017-12-13 14:53:00,176 - Discovery Client initialized at timestamp 1513147980176 with initial instances count: 4
2017-12-13 14:53:00,178 - Registering application service-api-zb-impl with eureka with status UP
2017-12-13 14:53:00,178 - Saw local status change event StatusChangeEvent [timestamp=1513147980178, current=UP, previous=STARTING]
2017-12-13 14:53:00,179 - DiscoveryClient_SERVICE-API-ZB-IMPL/localhost:service-api-zb-impl:8762: registering service...
2017-12-13 14:53:00,182 - DiscoveryClient_SERVICE-API-ZB-IMPL/localhost:service-api-zb-impl:8762 - registration status: 204
2017-12-13 14:53:00,209 - Updating port to 8762
2017-12-13 14:58:00,173 - Resolving eureka endpoints via configuration
2017-12-13 15:03:00,175 - Resolving eureka endpoints via configuration
2017-12-13 15:08:00,176 - Resolving eureka endpoints via configuration
2017-12-13 15:13:00,177 - Resolving eureka endpoints via configuration
2017-12-13 15:18:00,179 - Resolving eureka endpoints via configuration
2017-12-13 15:23:00,180 - Resolving eureka endpoints via configuration
2017-12-13 15:28:00,182 - Resolving eureka endpoints via configuration
2017-12-13 15:33:00,183 - Resolving eureka endpoints via configuration
2017-12-13 15:38:00,185 - Resolving eureka endpoints via configuration
2017-12-13 15:43:00,187 - Resolving eureka endpoints via configuration
2017-12-13 15:48:00,188 - Resolving eureka endpoints via configuration
2017-12-13 15:53:00,190 - Resolving eureka endpoints via configuration
2017-12-13 15:58:00,193 - Resolving eureka endpoints via configuration
2017-12-13 16:03:00,197 - Resolving eureka endpoints via configuration
2017-12-13 16:08:00,198 - Resolving eureka endpoints via configuration
2017-12-13 16:13:00,200 - Resolving eureka endpoints via configuration
2017-12-13 16:18:00,203 - Resolving eureka endpoints via configuration
2017-12-13 16:23:00,204 - Resolving eureka endpoints via configuration
2017-12-13 16:28:00,206 - Resolving eureka endpoints via configuration
2017-12-13 16:33:00,206 - Resolving eureka endpoints via configuration
2017-12-13 16:38:00,208 - Resolving eureka endpoints via configuration
2017-12-13 16:43:00,210 - Resolving eureka endpoints via configuration
2017-12-13 16:48:00,211 - Resolving eureka endpoints via configuration
2017-12-13 16:53:00,213 - Resolving eureka endpoints via configuration
2017-12-13 16:58:00,216 - Resolving eureka endpoints via configuration
2017-12-13 17:03:00,219 - Resolving eureka endpoints via configuration
2017-12-13 17:08:00,221 - Resolving eureka endpoints via configuration
2017-12-13 17:13:00,223 - Resolving eureka endpoints via configuration
2017-12-13 17:18:00,225 - Resolving eureka endpoints via configuration
2017-12-13 17:23:00,227 - Resolving eureka endpoints via configuration
2017-12-13 17:28:00,230 - Resolving eureka endpoints via configuration
2017-12-13 17:33:00,232 - Resolving eureka endpoints via configuration
2017-12-13 17:38:00,235 - Resolving eureka endpoints via configuration
2017-12-13 17:43:00,238 - Resolving eureka endpoints via configuration
2017-12-13 17:48:00,241 - Resolving eureka endpoints via configuration
2017-12-13 17:53:00,244 - Resolving eureka endpoints via configuration
2017-12-13 17:58:00,245 - Resolving eureka endpoints via configuration
2017-12-13 18:03:00,247 - Resolving eureka endpoints via configuration
2017-12-13 18:08:00,248 - Resolving eureka endpoints via configuration
2017-12-13 18:13:00,250 - Resolving eureka endpoints via configuration
2017-12-13 18:18:00,253 - Resolving eureka endpoints via configuration
2017-12-13 18:23:00,255 - Resolving eureka endpoints via configuration
2017-12-13 18:28:00,257 - Resolving eureka endpoints via configuration
2017-12-13 18:33:00,259 - Resolving eureka endpoints via configuration
2017-12-13 18:38:00,264 - Resolving eureka endpoints via configuration
2017-12-13 18:43:00,266 - Resolving eureka endpoints via configuration
2017-12-13 18:48:00,268 - Resolving eureka endpoints via configuration
2017-12-13 18:53:00,270 - Resolving eureka endpoints via configuration
2017-12-13 18:58:00,272 - Resolving eureka endpoints via configuration
2017-12-13 19:03:00,274 - Resolving eureka endpoints via configuration
2017-12-13 19:08:00,276 - Resolving eureka endpoints via configuration
2017-12-13 19:13:00,278 - Resolving eureka endpoints via configuration
2017-12-13 19:18:00,282 - Resolving eureka endpoints via configuration
2017-12-13 19:23:00,285 - Resolving eureka endpoints via configuration
2017-12-13 19:28:00,288 - Resolving eureka endpoints via configuration
2017-12-13 19:33:00,289 - Resolving eureka endpoints via configuration
2017-12-13 19:38:00,291 - Resolving eureka endpoints via configuration
2017-12-13 19:43:00,293 - Resolving eureka endpoints via configuration
2017-12-13 19:48:00,294 - Resolving eureka endpoints via configuration
2017-12-13 19:53:00,296 - Resolving eureka endpoints via configuration
2017-12-13 19:58:00,297 - Resolving eureka endpoints via configuration
2017-12-13 20:03:00,299 - Resolving eureka endpoints via configuration
2017-12-13 20:08:00,302 - Resolving eureka endpoints via configuration
2017-12-13 20:13:00,304 - Resolving eureka endpoints via configuration
2017-12-13 20:18:00,305 - Resolving eureka endpoints via configuration
2017-12-13 20:23:00,310 - Resolving eureka endpoints via configuration
2017-12-13 20:28:00,311 - Resolving eureka endpoints via configuration
2017-12-13 20:33:00,314 - Resolving eureka endpoints via configuration
2017-12-13 20:38:00,315 - Resolving eureka endpoints via configuration
2017-12-13 20:43:00,317 - Resolving eureka endpoints via configuration
2017-12-13 20:48:00,319 - Resolving eureka endpoints via configuration
2017-12-13 20:53:00,321 - Resolving eureka endpoints via configuration
2017-12-13 20:58:00,323 - Resolving eureka endpoints via configuration
2017-12-13 21:03:00,326 - Resolving eureka endpoints via configuration
2017-12-13 21:08:00,328 - Resolving eureka endpoints via configuration
2017-12-13 21:13:00,330 - Resolving eureka endpoints via configuration
2017-12-13 21:18:00,332 - Resolving eureka endpoints via configuration
2017-12-13 21:23:00,334 - Resolving eureka endpoints via configuration
2017-12-13 21:28:00,336 - Resolving eureka endpoints via configuration
2017-12-13 21:33:00,339 - Resolving eureka endpoints via configuration
2017-12-13 21:38:00,341 - Resolving eureka endpoints via configuration
2017-12-13 21:43:00,343 - Resolving eureka endpoints via configuration
2017-12-13 21:48:00,344 - Resolving eureka endpoints via configuration
2017-12-13 21:53:00,346 - Resolving eureka endpoints via configuration
2017-12-13 21:58:00,349 - Resolving eureka endpoints via configuration
2017-12-13 22:03:00,350 - Resolving eureka endpoints via configuration
2017-12-13 22:08:00,353 - Resolving eureka endpoints via configuration
2017-12-13 22:13:00,355 - Resolving eureka endpoints via configuration
2017-12-13 22:18:00,356 - Resolving eureka endpoints via configuration
2017-12-13 22:23:00,358 - Resolving eureka endpoints via configuration
2017-12-13 22:28:00,360 - Resolving eureka endpoints via configuration
2017-12-13 22:33:00,361 - Resolving eureka endpoints via configuration
2017-12-13 22:38:00,364 - Resolving eureka endpoints via configuration
2017-12-13 22:43:00,365 - Resolving eureka endpoints via configuration
2017-12-13 22:48:00,367 - Resolving eureka endpoints via configuration
2017-12-13 22:53:00,370 - Resolving eureka endpoints via configuration
2017-12-13 22:58:00,372 - Resolving eureka endpoints via configuration
2017-12-13 23:03:00,374 - Resolving eureka endpoints via configuration
2017-12-13 23:08:00,377 - Resolving eureka endpoints via configuration
2017-12-13 23:13:00,379 - Resolving eureka endpoints via configuration
2017-12-13 23:18:00,381 - Resolving eureka endpoints via configuration
2017-12-13 23:23:00,385 - Resolving eureka endpoints via configuration
2017-12-13 23:28:00,387 - Resolving eureka endpoints via configuration
2017-12-13 23:33:00,388 - Resolving eureka endpoints via configuration
2017-12-13 23:38:00,390 - Resolving eureka endpoints via configuration
2017-12-13 23:43:00,391 - Resolving eureka endpoints via configuration
2017-12-13 23:48:00,394 - Resolving eureka endpoints via configuration
2017-12-13 23:53:00,396 - Resolving eureka endpoints via configuration
2017-12-13 23:58:00,397 - Resolving eureka endpoints via configuration
